{
  message: 'ln 53 project.controller: Error al guardar proyecto en la base de datos',
  level: 'error',
  timestamp: '21-11-2023 01:21:07'
}
{
  message: 'Ocurre un error en: metodo "error" de project.controller',
  level: 'error',
  timestamp: '25-11-2023 04:27:44'
}
{
  errors: {
    password: ValidatorError: Es necesario ingresar password
        at validate (/workspaces/first/node_modules/mongoose/lib/schematype.js:1364:13)
        at SchemaString.SchemaType.doValidate (/workspaces/first/node_modules/mongoose/lib/schematype.js:1348:7)
        at /workspaces/first/node_modules/mongoose/lib/document.js:2958:18
        at processTicksAndRejections (node:internal/process/task_queues:77:11) {
      properties: {
        validator: [Function (anonymous)],
        message: 'Es necesario ingresar password',
        type: 'required',
        path: 'password',
        value: undefined
      },
      kind: 'required',
      path: 'password',
      value: undefined,
      reason: undefined,
      [Symbol(mongoose:validatorError)]: true
    },
    email: ValidatorError: Es necesario ingresar email
        at validate (/workspaces/first/node_modules/mongoose/lib/schematype.js:1364:13)
        at SchemaString.SchemaType.doValidate (/workspaces/first/node_modules/mongoose/lib/schematype.js:1348:7)
        at /workspaces/first/node_modules/mongoose/lib/document.js:2958:18
        at processTicksAndRejections (node:internal/process/task_queues:77:11) {
      properties: {
        validator: [Function (anonymous)],
        message: 'Es necesario ingresar email',
        type: 'required',
        path: 'email',
        value: undefined
      },
      kind: 'required',
      path: 'email',
      value: undefined,
      reason: undefined,
      [Symbol(mongoose:validatorError)]: true
    },
    lastname: ValidatorError: Path `lastname` is required.
        at validate (/workspaces/first/node_modules/mongoose/lib/schematype.js:1364:13)
        at SchemaString.SchemaType.doValidate (/workspaces/first/node_modules/mongoose/lib/schematype.js:1348:7)
        at /workspaces/first/node_modules/mongoose/lib/document.js:2958:18
        at processTicksAndRejections (node:internal/process/task_queues:77:11) {
      properties: {
        validator: [Function (anonymous)],
        message: 'Path `lastname` is required.',
        type: 'required',
        path: 'lastname',
        value: undefined
      },
      kind: 'required',
      path: 'lastname',
      value: undefined,
      reason: undefined,
      [Symbol(mongoose:validatorError)]: true
    },
    firstName: ValidatorError: Path `firstName` is required.
        at validate (/workspaces/first/node_modules/mongoose/lib/schematype.js:1364:13)
        at SchemaString.SchemaType.doValidate (/workspaces/first/node_modules/mongoose/lib/schematype.js:1348:7)
        at /workspaces/first/node_modules/mongoose/lib/document.js:2958:18
        at processTicksAndRejections (node:internal/process/task_queues:77:11) {
      properties: {
        validator: [Function (anonymous)],
        message: 'Path `firstName` is required.',
        type: 'required',
        path: 'firstName',
        value: undefined
      },
      kind: 'required',
      path: 'firstName',
      value: undefined,
      reason: undefined,
      [Symbol(mongoose:validatorError)]: true
    }
  },
  _message: 'user validation failed',
  level: 'error',
  message: 'undefined',
  timestamp: '29-11-2023 06:16:29'
}
{
  errors: {
    password: ValidatorError: Es necesario ingresar password
        at validate (/workspaces/first/node_modules/mongoose/lib/schematype.js:1364:13)
        at SchemaString.SchemaType.doValidate (/workspaces/first/node_modules/mongoose/lib/schematype.js:1348:7)
        at /workspaces/first/node_modules/mongoose/lib/document.js:2958:18
        at processTicksAndRejections (node:internal/process/task_queues:77:11) {
      properties: {
        validator: [Function (anonymous)],
        message: 'Es necesario ingresar password',
        type: 'required',
        path: 'password',
        value: undefined
      },
      kind: 'required',
      path: 'password',
      value: undefined,
      reason: undefined,
      [Symbol(mongoose:validatorError)]: true
    },
    email: ValidatorError: Es necesario ingresar email
        at validate (/workspaces/first/node_modules/mongoose/lib/schematype.js:1364:13)
        at SchemaString.SchemaType.doValidate (/workspaces/first/node_modules/mongoose/lib/schematype.js:1348:7)
        at /workspaces/first/node_modules/mongoose/lib/document.js:2958:18
        at processTicksAndRejections (node:internal/process/task_queues:77:11) {
      properties: {
        validator: [Function (anonymous)],
        message: 'Es necesario ingresar email',
        type: 'required',
        path: 'email',
        value: undefined
      },
      kind: 'required',
      path: 'email',
      value: undefined,
      reason: undefined,
      [Symbol(mongoose:validatorError)]: true
    },
    lastname: ValidatorError: Path `lastname` is required.
        at validate (/workspaces/first/node_modules/mongoose/lib/schematype.js:1364:13)
        at SchemaString.SchemaType.doValidate (/workspaces/first/node_modules/mongoose/lib/schematype.js:1348:7)
        at /workspaces/first/node_modules/mongoose/lib/document.js:2958:18
        at processTicksAndRejections (node:internal/process/task_queues:77:11) {
      properties: {
        validator: [Function (anonymous)],
        message: 'Path `lastname` is required.',
        type: 'required',
        path: 'lastname',
        value: undefined
      },
      kind: 'required',
      path: 'lastname',
      value: undefined,
      reason: undefined,
      [Symbol(mongoose:validatorError)]: true
    },
    firstName: ValidatorError: Path `firstName` is required.
        at validate (/workspaces/first/node_modules/mongoose/lib/schematype.js:1364:13)
        at SchemaString.SchemaType.doValidate (/workspaces/first/node_modules/mongoose/lib/schematype.js:1348:7)
        at /workspaces/first/node_modules/mongoose/lib/document.js:2958:18
        at processTicksAndRejections (node:internal/process/task_queues:77:11) {
      properties: {
        validator: [Function (anonymous)],
        message: 'Path `firstName` is required.',
        type: 'required',
        path: 'firstName',
        value: undefined
      },
      kind: 'required',
      path: 'firstName',
      value: undefined,
      reason: undefined,
      [Symbol(mongoose:validatorError)]: true
    }
  },
  _message: 'user validation failed',
  level: 'error',
  message: 'undefined',
  timestamp: '29-11-2023 06:19:18'
}
{
  errors: {
    email: ValidatorError: Es necesario ingresar email
        at validate (/workspaces/first/node_modules/mongoose/lib/schematype.js:1364:13)
        at SchemaString.SchemaType.doValidate (/workspaces/first/node_modules/mongoose/lib/schematype.js:1348:7)
        at /workspaces/first/node_modules/mongoose/lib/document.js:2958:18
        at processTicksAndRejections (node:internal/process/task_queues:77:11) {
      properties: {
        validator: [Function (anonymous)],
        message: 'Es necesario ingresar email',
        type: 'required',
        path: 'email',
        value: undefined
      },
      kind: 'required',
      path: 'email',
      value: undefined,
      reason: undefined,
      [Symbol(mongoose:validatorError)]: true
    }
  },
  _message: 'user validation failed',
  level: 'error',
  message: 'undefined',
  timestamp: '30-11-2023 04:47:07'
}
{
  errors: {
    email: ValidatorError: Es necesario ingresar email
        at validate (/workspaces/first/node_modules/mongoose/lib/schematype.js:1364:13)
        at SchemaString.SchemaType.doValidate (/workspaces/first/node_modules/mongoose/lib/schematype.js:1348:7)
        at /workspaces/first/node_modules/mongoose/lib/document.js:2958:18
        at processTicksAndRejections (node:internal/process/task_queues:77:11) {
      properties: {
        validator: [Function (anonymous)],
        message: 'Es necesario ingresar email',
        type: 'required',
        path: 'email',
        value: undefined
      },
      kind: 'required',
      path: 'email',
      value: undefined,
      reason: undefined,
      [Symbol(mongoose:validatorError)]: true
    }
  },
  _message: 'user validation failed',
  level: 'error',
  message: 'undefined',
  timestamp: '30-11-2023 04:47:42'
}
{
  errors: {
    email: ValidatorError: Es necesario ingresar email
        at validate (/workspaces/first/node_modules/mongoose/lib/schematype.js:1364:13)
        at SchemaString.SchemaType.doValidate (/workspaces/first/node_modules/mongoose/lib/schematype.js:1348:7)
        at /workspaces/first/node_modules/mongoose/lib/document.js:2958:18
        at processTicksAndRejections (node:internal/process/task_queues:77:11) {
      properties: {
        validator: [Function (anonymous)],
        message: 'Es necesario ingresar email',
        type: 'required',
        path: 'email',
        value: undefined
      },
      kind: 'required',
      path: 'email',
      value: undefined,
      reason: undefined,
      [Symbol(mongoose:validatorError)]: true
    }
  },
  _message: 'user validation failed',
  level: 'error',
  message: 'undefined',
  timestamp: '30-11-2023 04:56:00'
}
{
  errors: {
    email: ValidatorError: Es necesario ingresar email
        at validate (/workspaces/first/node_modules/mongoose/lib/schematype.js:1364:13)
        at SchemaString.SchemaType.doValidate (/workspaces/first/node_modules/mongoose/lib/schematype.js:1348:7)
        at /workspaces/first/node_modules/mongoose/lib/document.js:2958:18
        at processTicksAndRejections (node:internal/process/task_queues:77:11) {
      properties: {
        validator: [Function (anonymous)],
        message: 'Es necesario ingresar email',
        type: 'required',
        path: 'email',
        value: undefined
      },
      kind: 'required',
      path: 'email',
      value: undefined,
      reason: undefined,
      [Symbol(mongoose:validatorError)]: true
    }
  },
  _message: 'user validation failed',
  level: 'error',
  message: 'undefined',
  timestamp: '30-11-2023 04:57:33'
}
{
  message: 'user validation failed: mail: Error, expected `mail` to be unique. Value: `daniela@gmail.com`',
  level: 'error',
  timestamp: '07-12-2023 06:23:38'
}
{
  message: 'user validation failed: mail: Error, expected `mail` to be unique. Value: `ivan1206@gmail.com`',
  level: 'error',
  timestamp: '08-12-2023 06:40:15'
}
{
  message: 'user validation failed: mail: Error, expected `mail` to be unique. Value: `ivan1206@gmail.com`',
  level: 'error',
  timestamp: '08-12-2023 06:40:59'
}
