{"level":"info","message":"The server is created from the express instance","timestamp":"13-10-2023 06:01:20"}
{"level":"info","message":"⭐⭐ Listening on undefined:3001 ⭐⭐","timestamp":"13-10-2023 06:01:20"}
{"level":"info","message":"The server is created from the express instance","timestamp":"13-10-2023 06:06:13"}
{"level":"info","message":"⭐⭐ Listening on undefined:3001 ⭐⭐","timestamp":"13-10-2023 06:06:13"}
{"level":"info","message":"GET / 200 28.816 ms - 254\n","timestamp":"13-10-2023 06:06:18"}
{"level":"info","message":"404 Pagina no encontrada GET /favicon.ico","timestamp":"13-10-2023 06:06:19"}
{"level":"info","message":"GET /favicon.ico 404 3.841 ms - 2089\n","timestamp":"13-10-2023 06:06:19"}
{"level":"info","message":"The server is created from the express instance","timestamp":"13-10-2023 06:32:50"}
{"level":"info","message":"⭐⭐ Listening on undefined:3001 ⭐⭐","timestamp":"13-10-2023 06:32:50"}
{"level":"info","message":"GET / 200 28.353 ms - 254\n","timestamp":"13-10-2023 06:32:54"}
{"level":"info","message":"The server is created from the express instance","timestamp":"13-10-2023 06:37:35"}
{"level":"info","message":"⭐⭐ Listening on undefined:3001 ⭐⭐","timestamp":"13-10-2023 06:37:35"}
{"level":"info","message":"GET / 200 92.400 ms - 665\n","timestamp":"13-10-2023 06:37:38"}
{"level":"info","message":"The server is created from the express instance","timestamp":"13-10-2023 06:40:24"}
{"level":"info","message":"⭐⭐ Listening on undefined:3001 ⭐⭐","timestamp":"13-10-2023 06:40:24"}
{"level":"info","message":"GET / 200 70.689 ms - 290\n","timestamp":"13-10-2023 06:40:27"}
{"level":"info","message":"404 Pagina no encontrada GET /main.ae4dbe10965db9ab135f.hot-update.json","timestamp":"13-10-2023 06:40:27"}
{"level":"info","message":"GET /main.ae4dbe10965db9ab135f.hot-update.json 404 4.951 ms - 2089\n","timestamp":"13-10-2023 06:40:27"}
{"level":"info","message":"404 Pagina no encontrada GET /main.ae4dbe10965db9ab135f.hot-update.json","timestamp":"13-10-2023 06:40:27"}
{"level":"info","message":"GET /main.ae4dbe10965db9ab135f.hot-update.json 404 2.696 ms - 2089\n","timestamp":"13-10-2023 06:40:27"}
{"level":"info","message":"GET / 304 9.449 ms - -\n","timestamp":"13-10-2023 06:40:27"}
{"level":"info","message":"The server is created from the express instance","timestamp":"13-10-2023 06:41:38"}
{"level":"info","message":"⭐⭐ Listening on undefined:3001 ⭐⭐","timestamp":"13-10-2023 06:41:38"}
{"level":"info","message":"GET / 304 27.354 ms - -\n","timestamp":"13-10-2023 06:41:42"}
{"level":"info","message":"The server is created from the express instance","timestamp":"13-10-2023 06:42:37"}
{"level":"info","message":"⭐⭐ Listening on undefined:3001 ⭐⭐","timestamp":"13-10-2023 06:42:37"}
{"level":"info","message":"GET / 200 32.781 ms - 665\n","timestamp":"13-10-2023 06:42:40"}
{"level":"info","message":"The server is created from the express instance","timestamp":"13-10-2023 17:48:57"}
{"level":"info","message":"⭐⭐ Listening on undefined:3001 ⭐⭐","timestamp":"13-10-2023 17:48:57"}
{"level":"info","message":"GET / 304 107.567 ms - -\n","timestamp":"13-10-2023 17:49:02"}
{"level":"info","message":"404 Pagina no encontrada GET /favicon.ico","timestamp":"13-10-2023 17:49:04"}
{"level":"info","message":"GET /favicon.ico 404 3.762 ms - 2089\n","timestamp":"13-10-2023 17:49:04"}
{"level":"info","message":"The server is created from the express instance","timestamp":"13-10-2023 17:53:14"}
{"level":"info","message":"⭐⭐ Listening on undefined:3001 ⭐⭐","timestamp":"13-10-2023 17:53:14"}
{"level":"info","message":"GET / 304 31.149 ms - -\n","timestamp":"13-10-2023 17:53:19"}
{"level":"info","message":"The server is created from the express instance","timestamp":"14-10-2023 05:58:44"}
{"level":"info","message":"⭐⭐ Listening on undefined:3001 ⭐⭐","timestamp":"14-10-2023 05:58:44"}
{"level":"info","message":"The server is created from the express instance","timestamp":"14-10-2023 18:41:39"}
{"level":"info","message":"⭐⭐ Listening on undefined:3001 ⭐⭐","timestamp":"14-10-2023 18:41:39"}
{"level":"info","message":"GET / 200 28.753 ms - 664\n","timestamp":"14-10-2023 18:41:45"}
{"level":"info","message":"The server is created from the express instance","timestamp":"14-10-2023 18:56:40"}
{"level":"info","message":"⭐⭐ Listening on undefined:3001 ⭐⭐","timestamp":"14-10-2023 18:56:40"}
{"level":"info","message":"404 Pagina no encontrada GET /main.825498c3e97a4ed35b99.hot-update.json","timestamp":"14-10-2023 18:56:44"}
{"level":"info","message":"GET /main.825498c3e97a4ed35b99.hot-update.json 404 8.855 ms - 2089\n","timestamp":"14-10-2023 18:56:44"}
{"level":"info","message":"GET / 200 23.676 ms - 732\n","timestamp":"14-10-2023 18:56:44"}
{"level":"info","message":"404 Pagina no encontrada GET /main.825498c3e97a4ed35b99.hot-update.json","timestamp":"14-10-2023 18:56:45"}
{"level":"info","message":"GET /main.825498c3e97a4ed35b99.hot-update.json 404 3.578 ms - 2089\n","timestamp":"14-10-2023 18:56:45"}
{"level":"info","message":"GET / 304 15.145 ms - -\n","timestamp":"14-10-2023 18:56:45"}
{"level":"info","message":"GET / 200 3.863 ms - 732\n","timestamp":"14-10-2023 18:56:45"}
{"level":"info","message":"GET /favicon.png 200 2.207 ms - 1747\n","timestamp":"14-10-2023 18:56:47"}
{"level":"info","message":"The server is created from the express instance","timestamp":"14-10-2023 19:26:54"}
{"level":"info","message":"⭐⭐ Listening on undefined:3001 ⭐⭐","timestamp":"14-10-2023 19:26:54"}
{"level":"info","message":"GET / 304 14.941 ms - -\n","timestamp":"14-10-2023 19:26:59"}
{"level":"info","message":"The server is created from the express instance","timestamp":"14-10-2023 22:00:15"}
{"level":"info","message":"⭐⭐ Listening on undefined:3001 ⭐⭐","timestamp":"14-10-2023 22:00:15"}
{"level":"info","message":"GET / 200 20.549 ms - 737\n","timestamp":"14-10-2023 22:00:20"}
{"level":"info","message":"GET /favicon.png 304 1.012 ms - -\n","timestamp":"14-10-2023 22:00:27"}
{"level":"info","message":"The server is created from the express instance","timestamp":"14-10-2023 22:01:13"}
{"level":"info","message":"⭐⭐ Listening on undefined:3001 ⭐⭐","timestamp":"14-10-2023 22:01:13"}
{"level":"info","message":"404 Pagina no encontrada GET /main.fd640d4bcf9d4c38ead0.hot-update.json","timestamp":"14-10-2023 22:01:16"}
{"level":"info","message":"GET /main.fd640d4bcf9d4c38ead0.hot-update.json 404 4.630 ms - 2092\n","timestamp":"14-10-2023 22:01:16"}
{"level":"info","message":"GET / 200 24.290 ms - 730\n","timestamp":"14-10-2023 22:01:16"}
{"level":"info","message":"404 Pagina no encontrada GET /main.fd640d4bcf9d4c38ead0.hot-update.json","timestamp":"14-10-2023 22:01:17"}
{"level":"info","message":"GET /main.fd640d4bcf9d4c38ead0.hot-update.json 404 1.834 ms - 2092\n","timestamp":"14-10-2023 22:01:17"}
{"level":"info","message":"The server is created from the express instance","timestamp":"14-10-2023 22:01:25"}
{"level":"info","message":"⭐⭐ Listening on undefined:3001 ⭐⭐","timestamp":"14-10-2023 22:01:25"}
{"level":"info","message":"404 Pagina no encontrada GET /main.61c29824bb873dd117d9.hot-update.json","timestamp":"14-10-2023 22:01:28"}
{"level":"info","message":"GET /main.61c29824bb873dd117d9.hot-update.json 404 8.508 ms - 2092\n","timestamp":"14-10-2023 22:01:28"}
{"level":"info","message":"GET /favicon.png 304 0.995 ms - -\n","timestamp":"14-10-2023 22:01:28"}
{"level":"info","message":"GET / 200 19.328 ms - 737\n","timestamp":"14-10-2023 22:01:28"}
{"level":"info","message":"404 Pagina no encontrada GET /main.61c29824bb873dd117d9.hot-update.json","timestamp":"14-10-2023 22:01:28"}
{"level":"info","message":"GET /main.61c29824bb873dd117d9.hot-update.json 404 2.294 ms - 2092\n","timestamp":"14-10-2023 22:01:28"}
{"level":"info","message":"The server is created from the express instance","timestamp":"14-10-2023 22:02:01"}
{"level":"info","message":"⭐⭐ Listening on undefined:3001 ⭐⭐","timestamp":"14-10-2023 22:02:01"}
{"level":"info","message":"404 Pagina no encontrada GET /main.f97c25190af44ebe1e04.hot-update.json","timestamp":"14-10-2023 22:02:03"}
{"level":"info","message":"GET /main.f97c25190af44ebe1e04.hot-update.json 404 4.476 ms - 2092\n","timestamp":"14-10-2023 22:02:03"}
{"level":"info","message":"GET / 304 26.702 ms - -\n","timestamp":"14-10-2023 22:02:03"}
{"level":"info","message":"404 Pagina no encontrada GET /main.f97c25190af44ebe1e04.hot-update.json","timestamp":"14-10-2023 22:02:04"}
{"level":"info","message":"GET /main.f97c25190af44ebe1e04.hot-update.json 404 1.776 ms - 2092\n","timestamp":"14-10-2023 22:02:04"}
{"level":"info","message":"GET /favicon.png 304 0.865 ms - -\n","timestamp":"14-10-2023 22:02:05"}
{"level":"info","message":"The server is created from the express instance","timestamp":"14-10-2023 22:03:06"}
{"level":"info","message":"⭐⭐ Listening on undefined:3001 ⭐⭐","timestamp":"14-10-2023 22:03:06"}
{"level":"info","message":"404 Pagina no encontrada GET /main.fec598f8e0a9c4ded1d7.hot-update.json","timestamp":"14-10-2023 22:03:09"}
{"level":"info","message":"GET /main.fec598f8e0a9c4ded1d7.hot-update.json 404 4.547 ms - 2092\n","timestamp":"14-10-2023 22:03:09"}
{"level":"info","message":"GET / 304 37.110 ms - -\n","timestamp":"14-10-2023 22:03:09"}
{"level":"info","message":"404 Pagina no encontrada GET /main.fec598f8e0a9c4ded1d7.hot-update.json","timestamp":"14-10-2023 22:03:09"}
{"level":"info","message":"GET /main.fec598f8e0a9c4ded1d7.hot-update.json 404 2.512 ms - 2092\n","timestamp":"14-10-2023 22:03:09"}
{"level":"info","message":"GET /favicon.png 304 0.845 ms - -\n","timestamp":"14-10-2023 22:03:10"}
{"level":"info","message":"GET / 304 4.498 ms - -\n","timestamp":"14-10-2023 22:03:11"}
{"level":"info","message":"The server is created from the express instance","timestamp":"14-10-2023 22:11:30"}
{"level":"info","message":"⭐⭐ Listening on undefined:3001 ⭐⭐","timestamp":"14-10-2023 22:11:30"}
{"level":"info","message":"404 Pagina no encontrada GET /main.ff036686e514d8a14311.hot-update.json","timestamp":"14-10-2023 22:11:35"}
{"level":"info","message":"GET /main.ff036686e514d8a14311.hot-update.json 404 7.637 ms - 2092\n","timestamp":"14-10-2023 22:11:35"}
{"level":"info","message":"GET / 304 26.258 ms - -\n","timestamp":"14-10-2023 22:11:36"}
{"level":"info","message":"404 Pagina no encontrada GET /main.ff036686e514d8a14311.hot-update.json","timestamp":"14-10-2023 22:11:36"}
{"level":"info","message":"GET /main.ff036686e514d8a14311.hot-update.json 404 5.649 ms - 2092\n","timestamp":"14-10-2023 22:11:36"}
{"level":"info","message":"404 Pagina no encontrada GET /main.ff036686e514d8a14311.hot-update.json","timestamp":"14-10-2023 22:11:36"}
{"level":"info","message":"GET /main.ff036686e514d8a14311.hot-update.json 404 2.190 ms - 2092\n","timestamp":"14-10-2023 22:11:36"}
{"level":"info","message":"GET / 304 11.601 ms - -\n","timestamp":"14-10-2023 22:11:36"}
{"level":"info","message":"GET / 304 6.576 ms - -\n","timestamp":"14-10-2023 22:11:38"}
{"level":"info","message":"GET /favicon.png 304 1.320 ms - -\n","timestamp":"14-10-2023 22:11:38"}
{"level":"info","message":"404 Pagina no encontrada GET /main.ff036686e514d8a14311.hot-update.json","timestamp":"14-10-2023 22:11:38"}
{"level":"info","message":"GET /main.ff036686e514d8a14311.hot-update.json 404 5.386 ms - 2092\n","timestamp":"14-10-2023 22:11:38"}
{"level":"info","message":"GET /favicon.png 304 1.174 ms - -\n","timestamp":"14-10-2023 22:11:39"}
{"level":"info","message":"The server is created from the express instance","timestamp":"14-10-2023 22:16:26"}
{"level":"info","message":"⭐⭐ Listening on undefined:3001 ⭐⭐","timestamp":"14-10-2023 22:16:26"}
{"level":"info","message":"404 Pagina no encontrada GET /main.dfafd6f9580aaf7dada8.hot-update.json","timestamp":"14-10-2023 22:16:31"}
{"level":"info","message":"GET /main.dfafd6f9580aaf7dada8.hot-update.json 404 8.105 ms - 2092\n","timestamp":"14-10-2023 22:16:31"}
{"level":"info","message":"404 Pagina no encontrada GET /main.dfafd6f9580aaf7dada8.hot-update.json","timestamp":"14-10-2023 22:16:31"}
{"level":"info","message":"GET /main.dfafd6f9580aaf7dada8.hot-update.json 404 4.995 ms - 2092\n","timestamp":"14-10-2023 22:16:31"}
{"level":"info","message":"GET / 304 40.039 ms - -\n","timestamp":"14-10-2023 22:16:31"}
{"level":"info","message":"404 Pagina no encontrada GET /main.dfafd6f9580aaf7dada8.hot-update.json","timestamp":"14-10-2023 22:16:32"}
{"level":"info","message":"GET /main.dfafd6f9580aaf7dada8.hot-update.json 404 2.235 ms - 2092\n","timestamp":"14-10-2023 22:16:32"}
{"level":"info","message":"GET / 304 5.030 ms - -\n","timestamp":"14-10-2023 22:16:32"}
{"level":"info","message":"404 Pagina no encontrada GET /main.dfafd6f9580aaf7dada8.hot-update.json","timestamp":"14-10-2023 22:16:32"}
{"level":"info","message":"GET /main.dfafd6f9580aaf7dada8.hot-update.json 404 6.356 ms - 2092\n","timestamp":"14-10-2023 22:16:32"}
{"level":"info","message":"GET /favicon.png 304 1.399 ms - -\n","timestamp":"14-10-2023 22:16:34"}
{"level":"info","message":"GET /favicon.png 304 0.667 ms - -\n","timestamp":"14-10-2023 22:16:36"}
{"level":"info","message":"The server is created from the express instance","timestamp":"14-10-2023 22:18:40"}
{"level":"info","message":"⭐⭐ Listening on undefined:3001 ⭐⭐","timestamp":"14-10-2023 22:18:40"}
{"level":"info","message":"404 Pagina no encontrada GET /main.ed52c1e142434a759660.hot-update.json","timestamp":"14-10-2023 22:18:46"}
{"level":"info","message":"GET /main.ed52c1e142434a759660.hot-update.json 404 6.901 ms - 2092\n","timestamp":"14-10-2023 22:18:46"}
{"level":"info","message":"GET / 304 42.668 ms - -\n","timestamp":"14-10-2023 22:18:46"}
{"level":"info","message":"404 Pagina no encontrada GET /main.ed52c1e142434a759660.hot-update.json","timestamp":"14-10-2023 22:18:46"}
{"level":"info","message":"GET /main.ed52c1e142434a759660.hot-update.json 404 3.891 ms - 2092\n","timestamp":"14-10-2023 22:18:46"}
{"level":"info","message":"404 Pagina no encontrada GET /main.ed52c1e142434a759660.hot-update.json","timestamp":"14-10-2023 22:18:47"}
{"level":"info","message":"GET /main.ed52c1e142434a759660.hot-update.json 404 2.619 ms - 2092\n","timestamp":"14-10-2023 22:18:47"}
{"level":"info","message":"404 Pagina no encontrada GET /main.ed52c1e142434a759660.hot-update.json","timestamp":"14-10-2023 22:18:47"}
{"level":"info","message":"GET /main.ed52c1e142434a759660.hot-update.json 404 2.040 ms - 2092\n","timestamp":"14-10-2023 22:18:47"}
{"level":"info","message":"GET / 304 4.668 ms - -\n","timestamp":"14-10-2023 22:18:47"}
{"level":"info","message":"GET / 200 14.600 ms - 737\n","timestamp":"14-10-2023 22:18:47"}
{"level":"info","message":"GET /favicon.png 304 3.104 ms - -\n","timestamp":"14-10-2023 22:18:51"}
{"level":"info","message":"GET /favicon.png 304 0.486 ms - -\n","timestamp":"14-10-2023 22:18:51"}
{"level":"info","message":"GET / 304 3.898 ms - -\n","timestamp":"14-10-2023 22:19:09"}
{"level":"info","message":"The server is created from the express instance","timestamp":"14-10-2023 23:13:26"}
{"level":"info","message":"⭐⭐ Listening on undefined:3001 ⭐⭐","timestamp":"14-10-2023 23:13:26"}
{"level":"info","message":"404 Pagina no encontrada GET /main.21bef78aece6714540fb.hot-update.json","timestamp":"14-10-2023 23:13:29"}
{"level":"info","message":"GET /main.21bef78aece6714540fb.hot-update.json 404 11.288 ms - 2092\n","timestamp":"14-10-2023 23:13:29"}
{"level":"info","message":"GET / 304 50.998 ms - -\n","timestamp":"14-10-2023 23:13:29"}
{"level":"info","message":"404 Pagina no encontrada GET /main.21bef78aece6714540fb.hot-update.json","timestamp":"14-10-2023 23:13:29"}
{"level":"info","message":"GET /main.21bef78aece6714540fb.hot-update.json 404 1.531 ms - 2092\n","timestamp":"14-10-2023 23:13:29"}
{"level":"info","message":"GET /favicon.png 304 0.846 ms - -\n","timestamp":"14-10-2023 23:13:31"}
{"level":"info","message":"GET / 304 3.040 ms - -\n","timestamp":"14-10-2023 23:13:31"}
{"level":"info","message":"The server is created from the express instance","timestamp":"14-10-2023 23:18:04"}
{"level":"info","message":"⭐⭐ Listening on undefined:3001 ⭐⭐","timestamp":"14-10-2023 23:18:04"}
{"level":"info","message":"The server is created from the express instance","timestamp":"14-10-2023 23:18:27"}
{"level":"info","message":"⭐⭐ Listening on undefined:3001 ⭐⭐","timestamp":"14-10-2023 23:18:27"}
{"level":"info","message":"GET / 304 15.307 ms - -\n","timestamp":"14-10-2023 23:18:36"}
{"level":"info","message":"The server is created from the express instance","timestamp":"14-10-2023 23:25:26"}
{"level":"info","message":"⭐⭐ Listening on undefined:3001 ⭐⭐","timestamp":"14-10-2023 23:25:26"}
{"level":"info","message":"GET / 304 14.784 ms - -\n","timestamp":"14-10-2023 23:25:34"}
{"level":"info","message":"The server is created from the express instance","timestamp":"16-10-2023 03:14:24"}
{"level":"info","message":"⭐⭐ Listening on undefined:3001 ⭐⭐","timestamp":"16-10-2023 03:14:24"}
{"level":"info","message":"The server is created from the express instance","timestamp":"16-10-2023 04:45:02"}
{"level":"info","message":"⭐⭐ Listening on undefined:3001 ⭐⭐","timestamp":"16-10-2023 04:45:02"}
{"level":"info","message":"GET / 304 47.783 ms - -\n","timestamp":"16-10-2023 04:45:09"}
{"level":"info","message":"The server is created from the express instance","timestamp":"16-10-2023 04:54:57"}
{"level":"info","message":"⭐⭐ Listening on undefined:3001 ⭐⭐","timestamp":"16-10-2023 04:54:57"}
{"level":"info","message":"404 Pagina no encontrada GET /main.36bbcfce4bb8ae7ee62d.hot-update.json","timestamp":"16-10-2023 04:55:00"}
{"level":"info","message":"GET /main.36bbcfce4bb8ae7ee62d.hot-update.json 404 4.942 ms - 2092\n","timestamp":"16-10-2023 04:55:00"}
{"level":"info","message":"GET / 200 18.840 ms - 1201\n","timestamp":"16-10-2023 04:55:00"}
{"level":"info","message":"404 Pagina no encontrada GET /main.36bbcfce4bb8ae7ee62d.hot-update.json","timestamp":"16-10-2023 04:55:01"}
{"level":"info","message":"GET /main.36bbcfce4bb8ae7ee62d.hot-update.json 404 1.654 ms - 2092\n","timestamp":"16-10-2023 04:55:01"}
{"level":"info","message":"GET / 304 3.585 ms - -\n","timestamp":"16-10-2023 04:55:02"}
{"level":"info","message":"GET /favicon.png 304 0.932 ms - -\n","timestamp":"16-10-2023 04:55:04"}
{"level":"info","message":"GET /favicon.png 304 0.383 ms - -\n","timestamp":"16-10-2023 04:55:07"}
{"level":"info","message":"The server is created from the express instance","timestamp":"16-10-2023 04:56:27"}
{"level":"info","message":"⭐⭐ Listening on undefined:3001 ⭐⭐","timestamp":"16-10-2023 04:56:28"}
{"level":"info","message":"404 Pagina no encontrada GET /main.fb233e6f95ef134daff3.hot-update.json","timestamp":"16-10-2023 04:56:32"}
{"level":"info","message":"GET /main.fb233e6f95ef134daff3.hot-update.json 404 7.211 ms - 2092\n","timestamp":"16-10-2023 04:56:32"}
{"level":"info","message":"GET / 304 24.208 ms - -\n","timestamp":"16-10-2023 04:56:32"}
{"level":"info","message":"GET / 304 6.132 ms - -\n","timestamp":"16-10-2023 04:56:33"}
{"level":"info","message":"404 Pagina no encontrada GET /main.fb233e6f95ef134daff3.hot-update.json","timestamp":"16-10-2023 04:56:33"}
{"level":"info","message":"GET /main.fb233e6f95ef134daff3.hot-update.json 404 1.632 ms - 2092\n","timestamp":"16-10-2023 04:56:33"}
{"level":"info","message":"404 Pagina no encontrada GET /main.fb233e6f95ef134daff3.hot-update.json","timestamp":"16-10-2023 04:56:33"}
{"level":"info","message":"GET /main.fb233e6f95ef134daff3.hot-update.json 404 2.469 ms - 2092\n","timestamp":"16-10-2023 04:56:33"}
{"level":"info","message":"GET / 304 3.618 ms - -\n","timestamp":"16-10-2023 04:56:33"}
{"level":"info","message":"404 Pagina no encontrada GET /main.fb233e6f95ef134daff3.hot-update.json","timestamp":"16-10-2023 04:56:34"}
{"level":"info","message":"GET /main.fb233e6f95ef134daff3.hot-update.json 404 2.396 ms - 2092\n","timestamp":"16-10-2023 04:56:34"}
{"level":"info","message":"404 Pagina no encontrada GET /main.fb233e6f95ef134daff3.hot-update.json","timestamp":"16-10-2023 04:56:34"}
{"level":"info","message":"GET /main.fb233e6f95ef134daff3.hot-update.json 404 1.925 ms - 2092\n","timestamp":"16-10-2023 04:56:34"}
{"level":"info","message":"GET / 304 2.823 ms - -\n","timestamp":"16-10-2023 04:56:34"}
{"level":"info","message":"GET / 200 8.512 ms - 1201\n","timestamp":"16-10-2023 04:56:42"}
{"level":"info","message":"404 Pagina no encontrada GET /main.fb233e6f95ef134daff3.hot-update.json","timestamp":"16-10-2023 04:56:42"}
{"level":"info","message":"GET /main.fb233e6f95ef134daff3.hot-update.json 404 4.052 ms - 2092\n","timestamp":"16-10-2023 04:56:42"}
{"level":"info","message":"GET /favicon.png 304 0.918 ms - -\n","timestamp":"16-10-2023 04:56:43"}
{"level":"info","message":"GET /favicon.png 304 0.465 ms - -\n","timestamp":"16-10-2023 04:56:46"}
{"level":"info","message":"The server is created from the express instance","timestamp":"16-10-2023 05:13:06"}
{"level":"info","message":"⭐⭐ Listening on undefined:3001 ⭐⭐","timestamp":"16-10-2023 05:13:06"}
{"level":"info","message":"404 Pagina no encontrada GET /main.9cb1aa78fafe28bf4c40.hot-update.json","timestamp":"16-10-2023 05:13:09"}
{"level":"info","message":"GET /main.9cb1aa78fafe28bf4c40.hot-update.json 404 8.054 ms - 2092\n","timestamp":"16-10-2023 05:13:09"}
{"level":"info","message":"GET / 200 50.791 ms - 1573\n","timestamp":"16-10-2023 05:13:09"}
{"level":"info","message":"404 Pagina no encontrada GET /main.9cb1aa78fafe28bf4c40.hot-update.json","timestamp":"16-10-2023 05:13:09"}
{"level":"info","message":"GET /main.9cb1aa78fafe28bf4c40.hot-update.json 404 2.826 ms - 2092\n","timestamp":"16-10-2023 05:13:09"}
{"level":"info","message":"404 Pagina no encontrada GET /main.9cb1aa78fafe28bf4c40.hot-update.json","timestamp":"16-10-2023 05:13:10"}
{"level":"info","message":"GET /main.9cb1aa78fafe28bf4c40.hot-update.json 404 2.278 ms - 2092\n","timestamp":"16-10-2023 05:13:10"}
{"level":"info","message":"GET / 304 30.199 ms - -\n","timestamp":"16-10-2023 05:13:10"}
{"level":"info","message":"404 Pagina no encontrada GET /main.9cb1aa78fafe28bf4c40.hot-update.json","timestamp":"16-10-2023 05:13:10"}
{"level":"info","message":"GET /main.9cb1aa78fafe28bf4c40.hot-update.json 404 2.412 ms - 2092\n","timestamp":"16-10-2023 05:13:10"}
{"level":"info","message":"GET / 304 11.518 ms - -\n","timestamp":"16-10-2023 05:13:10"}
{"level":"info","message":"404 Pagina no encontrada GET /main.9cb1aa78fafe28bf4c40.hot-update.json","timestamp":"16-10-2023 05:13:10"}
{"level":"info","message":"GET /main.9cb1aa78fafe28bf4c40.hot-update.json 404 20.546 ms - 2092\n","timestamp":"16-10-2023 05:13:10"}
{"level":"info","message":"GET / 304 3.414 ms - -\n","timestamp":"16-10-2023 05:13:13"}
{"level":"info","message":"404 Pagina no encontrada GET /main.9cb1aa78fafe28bf4c40.hot-update.json","timestamp":"16-10-2023 05:13:13"}
{"level":"info","message":"GET /main.9cb1aa78fafe28bf4c40.hot-update.json 404 1.602 ms - 2092\n","timestamp":"16-10-2023 05:13:13"}
{"level":"info","message":"GET /favicon.png 304 0.927 ms - -\n","timestamp":"16-10-2023 05:13:14"}
{"level":"info","message":"GET /favicon.png 304 0.386 ms - -\n","timestamp":"16-10-2023 05:13:14"}
{"level":"info","message":"GET /favicon.png 304 0.600 ms - -\n","timestamp":"16-10-2023 05:13:15"}
{"level":"info","message":"GET /favicon.png 304 0.638 ms - -\n","timestamp":"16-10-2023 05:13:15"}
{"level":"info","message":"The server is created from the express instance","timestamp":"16-10-2023 05:29:16"}
{"level":"info","message":"⭐⭐ Listening on undefined:3001 ⭐⭐","timestamp":"16-10-2023 05:29:16"}
{"level":"info","message":"GET / 304 15.486 ms - -\n","timestamp":"16-10-2023 05:29:22"}
{"level":"info","message":"The server is created from the express instance","timestamp":"16-10-2023 05:32:00"}
{"level":"info","message":"⭐⭐ Listening on undefined:3001 ⭐⭐","timestamp":"16-10-2023 05:32:00"}
{"level":"info","message":"404 Pagina no encontrada GET /main.a8d70c3d212623efa324.hot-update.json","timestamp":"16-10-2023 05:32:03"}
{"level":"info","message":"GET /main.a8d70c3d212623efa324.hot-update.json 404 15.311 ms - 2092\n","timestamp":"16-10-2023 05:32:03"}
{"level":"info","message":"GET / 200 26.736 ms - 1201\n","timestamp":"16-10-2023 05:32:03"}
{"level":"info","message":"404 Pagina no encontrada GET /main.a8d70c3d212623efa324.hot-update.json","timestamp":"16-10-2023 05:32:04"}
{"level":"info","message":"GET /main.a8d70c3d212623efa324.hot-update.json 404 2.218 ms - 2092\n","timestamp":"16-10-2023 05:32:04"}
{"level":"info","message":"GET /favicon.png 304 1.184 ms - -\n","timestamp":"16-10-2023 05:32:06"}
{"level":"info","message":"GET / 304 3.841 ms - -\n","timestamp":"16-10-2023 05:32:06"}
{"level":"info","message":"GET / 200 4.049 ms - 1200\n","timestamp":"16-10-2023 05:33:13"}
{"level":"info","message":"GET /favicon.png 304 0.484 ms - -\n","timestamp":"16-10-2023 05:33:14"}
{"level":"info","message":"The server is created from the express instance","timestamp":"16-10-2023 05:34:53"}
{"level":"info","message":"⭐⭐ Listening on undefined:3001 ⭐⭐","timestamp":"16-10-2023 05:34:53"}
{"level":"info","message":"404 Pagina no encontrada GET /main.f6b4226579824e07b4e6.hot-update.json","timestamp":"16-10-2023 05:34:56"}
{"level":"info","message":"GET /main.f6b4226579824e07b4e6.hot-update.json 404 14.611 ms - 2092\n","timestamp":"16-10-2023 05:34:56"}
{"level":"info","message":"GET / 200 37.591 ms - 1193\n","timestamp":"16-10-2023 05:34:57"}
{"level":"info","message":"404 Pagina no encontrada GET /main.f6b4226579824e07b4e6.hot-update.json","timestamp":"16-10-2023 05:34:57"}
{"level":"info","message":"GET /main.f6b4226579824e07b4e6.hot-update.json 404 2.781 ms - 2092\n","timestamp":"16-10-2023 05:34:57"}
{"level":"info","message":"404 Pagina no encontrada GET /main.f6b4226579824e07b4e6.hot-update.json","timestamp":"16-10-2023 05:34:57"}
{"level":"info","message":"GET /main.f6b4226579824e07b4e6.hot-update.json 404 1.950 ms - 2092\n","timestamp":"16-10-2023 05:34:57"}
{"level":"info","message":"GET / 304 4.670 ms - -\n","timestamp":"16-10-2023 05:34:57"}
{"level":"info","message":"GET / 200 4.066 ms - 1193\n","timestamp":"16-10-2023 05:34:57"}
{"level":"info","message":"404 Pagina no encontrada GET /main.f6b4226579824e07b4e6.hot-update.json","timestamp":"16-10-2023 05:34:59"}
{"level":"info","message":"GET /main.f6b4226579824e07b4e6.hot-update.json 404 6.596 ms - 2092\n","timestamp":"16-10-2023 05:34:59"}
{"level":"info","message":"GET /favicon.png 304 1.185 ms - -\n","timestamp":"16-10-2023 05:35:00"}
{"level":"info","message":"GET /favicon.png 304 0.647 ms - -\n","timestamp":"16-10-2023 05:35:00"}
{"level":"info","message":"GET / 304 3.336 ms - -\n","timestamp":"16-10-2023 05:35:00"}
{"level":"info","message":"The server is created from the express instance","timestamp":"16-10-2023 05:40:57"}
{"level":"info","message":"⭐⭐ Listening on undefined:3001 ⭐⭐","timestamp":"16-10-2023 05:40:57"}
{"level":"info","message":"GET / 304 28.814 ms - -\n","timestamp":"16-10-2023 05:41:03"}
{"level":"info","message":"The server is created from the express instance","timestamp":"16-10-2023 05:49:38"}
{"level":"info","message":"⭐⭐ Listening on undefined:3001 ⭐⭐","timestamp":"16-10-2023 05:49:38"}
{"level":"info","message":"404 Pagina no encontrada GET /main.459577e45f583bb30a2b.hot-update.json","timestamp":"16-10-2023 05:49:42"}
{"level":"info","message":"GET /main.459577e45f583bb30a2b.hot-update.json 404 4.817 ms - 2092\n","timestamp":"16-10-2023 05:49:42"}
{"level":"info","message":"GET / 304 54.547 ms - -\n","timestamp":"16-10-2023 05:49:43"}
{"level":"info","message":"404 Pagina no encontrada GET /main.459577e45f583bb30a2b.hot-update.json","timestamp":"16-10-2023 05:49:43"}
{"level":"info","message":"GET /main.459577e45f583bb30a2b.hot-update.json 404 1.625 ms - 2092\n","timestamp":"16-10-2023 05:49:43"}
{"level":"info","message":"GET / 304 7.756 ms - -\n","timestamp":"16-10-2023 05:49:43"}
{"level":"info","message":"GET /favicon.png 304 0.971 ms - -\n","timestamp":"16-10-2023 05:49:45"}
{"level":"info","message":"GET /favicon.png 304 0.527 ms - -\n","timestamp":"16-10-2023 05:49:45"}
{"level":"info","message":"The server is created from the express instance","timestamp":"16-10-2023 05:55:12"}
{"level":"info","message":"⭐⭐ Listening on undefined:3001 ⭐⭐","timestamp":"16-10-2023 05:55:12"}
{"level":"info","message":"404 Pagina no encontrada GET /main.96c763584b6ce375794d.hot-update.json","timestamp":"16-10-2023 05:55:16"}
{"level":"info","message":"GET /main.96c763584b6ce375794d.hot-update.json 404 4.770 ms - 2092\n","timestamp":"16-10-2023 05:55:16"}
{"level":"info","message":"GET / 304 16.175 ms - -\n","timestamp":"16-10-2023 05:55:17"}
{"level":"info","message":"404 Pagina no encontrada GET /main.96c763584b6ce375794d.hot-update.json","timestamp":"16-10-2023 05:55:17"}
{"level":"info","message":"GET /main.96c763584b6ce375794d.hot-update.json 404 1.959 ms - 2092\n","timestamp":"16-10-2023 05:55:17"}
{"level":"info","message":"404 Pagina no encontrada GET /main.96c763584b6ce375794d.hot-update.json","timestamp":"16-10-2023 05:55:17"}
{"level":"info","message":"GET /main.96c763584b6ce375794d.hot-update.json 404 3.513 ms - 2092\n","timestamp":"16-10-2023 05:55:17"}
{"level":"info","message":"GET / 304 3.453 ms - -\n","timestamp":"16-10-2023 05:55:18"}
{"level":"info","message":"404 Pagina no encontrada GET /main.96c763584b6ce375794d.hot-update.json","timestamp":"16-10-2023 05:55:18"}
{"level":"info","message":"GET /main.96c763584b6ce375794d.hot-update.json 404 1.647 ms - 2092\n","timestamp":"16-10-2023 05:55:18"}
{"level":"info","message":"GET / 304 2.900 ms - -\n","timestamp":"16-10-2023 05:55:19"}
{"level":"info","message":"404 Pagina no encontrada GET /main.96c763584b6ce375794d.hot-update.json","timestamp":"16-10-2023 05:55:19"}
{"level":"info","message":"GET /main.96c763584b6ce375794d.hot-update.json 404 1.673 ms - 2092\n","timestamp":"16-10-2023 05:55:19"}
{"level":"info","message":"GET / 200 4.903 ms - 1193\n","timestamp":"16-10-2023 05:55:19"}
{"level":"info","message":"GET / 200 3.985 ms - 1193\n","timestamp":"16-10-2023 05:55:19"}
{"level":"info","message":"GET /favicon.png 304 0.987 ms - -\n","timestamp":"16-10-2023 05:55:20"}
{"level":"info","message":"GET /favicon.png 304 0.705 ms - -\n","timestamp":"16-10-2023 05:55:21"}
{"level":"info","message":"GET /favicon.png 304 0.429 ms - -\n","timestamp":"16-10-2023 05:55:22"}
{"level":"info","message":"The server is created from the express instance","timestamp":"16-10-2023 06:01:17"}
{"level":"info","message":"⭐⭐ Listening on undefined:3001 ⭐⭐","timestamp":"16-10-2023 06:01:17"}
{"level":"info","message":"404 Pagina no encontrada GET /main.214737a9606ba5454667.hot-update.json","timestamp":"16-10-2023 06:01:22"}
{"level":"info","message":"GET /main.214737a9606ba5454667.hot-update.json 404 7.849 ms - 2092\n","timestamp":"16-10-2023 06:01:22"}
{"level":"info","message":"GET / 304 27.477 ms - -\n","timestamp":"16-10-2023 06:01:22"}
{"level":"info","message":"404 Pagina no encontrada GET /main.214737a9606ba5454667.hot-update.json","timestamp":"16-10-2023 06:01:23"}
{"level":"info","message":"GET /main.214737a9606ba5454667.hot-update.json 404 2.200 ms - 2092\n","timestamp":"16-10-2023 06:01:23"}
{"level":"info","message":"GET /favicon.png 304 0.901 ms - -\n","timestamp":"16-10-2023 06:01:24"}
{"level":"info","message":"GET / 304 4.015 ms - -\n","timestamp":"16-10-2023 06:01:25"}
{"level":"info","message":"The server is created from the express instance","timestamp":"17-10-2023 04:46:47"}
{"level":"info","message":"⭐⭐ Listening on undefined:3001 ⭐⭐","timestamp":"17-10-2023 04:46:47"}
{"level":"info","message":"GET / 200 37.593 ms - 1168\n","timestamp":"17-10-2023 04:46:52"}
{"level":"info","message":"404 Pagina no encontrada GET /favicon.ico","timestamp":"17-10-2023 04:47:02"}
{"level":"info","message":"GET /favicon.ico 404 3.225 ms - 2092\n","timestamp":"17-10-2023 04:47:02"}
{"level":"info","message":"The server is created from the express instance","timestamp":"17-10-2023 05:05:21"}
{"level":"info","message":"⭐⭐ Listening on undefined:3001 ⭐⭐","timestamp":"17-10-2023 05:05:21"}
{"level":"info","message":"404 Pagina no encontrada GET /main.be412be96cda3299fd5e.hot-update.json","timestamp":"17-10-2023 05:05:26"}
{"level":"info","message":"GET /main.be412be96cda3299fd5e.hot-update.json 404 4.972 ms - 2092\n","timestamp":"17-10-2023 05:05:26"}
{"level":"info","message":"GET / 200 24.975 ms - 732\n","timestamp":"17-10-2023 05:05:26"}
{"level":"info","message":"404 Pagina no encontrada GET /main.be412be96cda3299fd5e.hot-update.json","timestamp":"17-10-2023 05:05:26"}
{"level":"info","message":"GET /main.be412be96cda3299fd5e.hot-update.json 404 1.519 ms - 2092\n","timestamp":"17-10-2023 05:05:26"}
{"level":"info","message":"404 Pagina no encontrada GET /main.be412be96cda3299fd5e.hot-update.json","timestamp":"17-10-2023 05:05:26"}
{"level":"info","message":"GET /main.be412be96cda3299fd5e.hot-update.json 404 1.322 ms - 2092\n","timestamp":"17-10-2023 05:05:26"}
{"level":"info","message":"GET / 304 5.634 ms - -\n","timestamp":"17-10-2023 05:05:28"}
{"level":"info","message":"GET / 200 5.776 ms - 731\n","timestamp":"17-10-2023 05:08:27"}
{"level":"info","message":"GET / 200 5.976 ms - 732\n","timestamp":"17-10-2023 05:08:30"}
{"level":"info","message":"GET /favicon.png 304 1.084 ms - -\n","timestamp":"17-10-2023 05:08:31"}
{"level":"info","message":"GET / 200 4.884 ms - 731\n","timestamp":"17-10-2023 05:08:33"}
{"level":"info","message":"GET /favicon.png 304 0.517 ms - -\n","timestamp":"17-10-2023 05:08:34"}
{"level":"info","message":"The server is created from the express instance","timestamp":"17-10-2023 05:44:52"}
{"level":"info","message":"⭐⭐ Listening on undefined:3001 ⭐⭐","timestamp":"17-10-2023 05:44:52"}
{"level":"info","message":"GET / 200 18.502 ms - 731\n","timestamp":"17-10-2023 05:44:58"}
{"level":"info","message":"GET /favicon.png 304 1.292 ms - -\n","timestamp":"17-10-2023 05:44:59"}
{"level":"info","message":"GET / 200 12.845 ms - 732\n","timestamp":"17-10-2023 05:45:58"}
{"level":"info","message":"GET / 304 5.017 ms - -\n","timestamp":"17-10-2023 05:46:02"}
{"level":"info","message":"GET /favicon.png 304 0.325 ms - -\n","timestamp":"17-10-2023 05:46:03"}
{"level":"info","message":"GET / 304 6.510 ms - -\n","timestamp":"17-10-2023 05:46:06"}
{"level":"info","message":"GET /favicon.png 304 0.328 ms - -\n","timestamp":"17-10-2023 05:46:07"}
{"level":"info","message":"GET / 200 4.603 ms - 732\n","timestamp":"17-10-2023 05:46:11"}
{"level":"info","message":"GET /favicon.png 304 0.404 ms - -\n","timestamp":"17-10-2023 05:46:12"}
{"level":"info","message":"The server is created from the express instance","timestamp":"17-10-2023 06:00:51"}
{"level":"info","message":"⭐⭐ Listening on undefined:3001 ⭐⭐","timestamp":"17-10-2023 06:00:51"}
{"level":"info","message":"GET / 200 19.144 ms - 753\n","timestamp":"17-10-2023 06:00:57"}
{"level":"info","message":"The server is created from the express instance","timestamp":"17-10-2023 06:07:31"}
{"level":"info","message":"⭐⭐ Listening on undefined:3001 ⭐⭐","timestamp":"17-10-2023 06:07:31"}
{"level":"info","message":"GET / 200 18.563 ms - 1170\n","timestamp":"17-10-2023 06:07:37"}
{"level":"info","message":"GET /favicon.png 304 1.120 ms - -\n","timestamp":"17-10-2023 06:07:38"}
{"level":"info","message":"The server is created from the express instance","timestamp":"17-10-2023 06:26:49"}
{"level":"info","message":"⭐⭐ Listening on undefined:3001 ⭐⭐","timestamp":"17-10-2023 06:26:49"}
{"level":"info","message":"GET / 200 35.546 ms - 1500\n","timestamp":"17-10-2023 06:26:54"}
{"level":"info","message":"404 Pagina no encontrada GET /images/projnotes-logo.jpeg","timestamp":"17-10-2023 06:26:55"}
{"level":"info","message":"GET /images/projnotes-logo.jpeg 404 9.446 ms - 2092\n","timestamp":"17-10-2023 06:26:55"}
{"level":"info","message":"The server is created from the express instance","timestamp":"17-10-2023 06:29:11"}
{"level":"info","message":"⭐⭐ Listening on undefined:3001 ⭐⭐","timestamp":"17-10-2023 06:29:11"}
{"level":"info","message":"404 Pagina no encontrada GET /main.b6c1682eb5921d596993.hot-update.json","timestamp":"17-10-2023 06:29:13"}
{"level":"info","message":"GET /main.b6c1682eb5921d596993.hot-update.json 404 4.949 ms - 2092\n","timestamp":"17-10-2023 06:29:13"}
{"level":"info","message":"GET / 200 17.850 ms - 1565\n","timestamp":"17-10-2023 06:29:14"}
{"level":"info","message":"GET / 200 4.535 ms - 1565\n","timestamp":"17-10-2023 06:29:14"}
{"level":"info","message":"404 Pagina no encontrada GET /images/projnotes-logo.jpeg","timestamp":"17-10-2023 06:29:14"}
{"level":"info","message":"GET /images/projnotes-logo.jpeg 404 1.479 ms - 2092\n","timestamp":"17-10-2023 06:29:14"}
{"level":"info","message":"404 Pagina no encontrada GET /images/projnotes-logo.jpeg","timestamp":"17-10-2023 06:29:15"}
{"level":"info","message":"GET /images/projnotes-logo.jpeg 404 2.104 ms - 2092\n","timestamp":"17-10-2023 06:29:15"}
{"level":"info","message":"GET /favicon.png 304 1.089 ms - -\n","timestamp":"17-10-2023 06:29:15"}
{"level":"info","message":"GET /favicon.png 304 0.400 ms - -\n","timestamp":"17-10-2023 06:29:17"}
{"level":"info","message":"GET / 200 3.760 ms - 1564\n","timestamp":"17-10-2023 06:29:17"}
{"level":"info","message":"404 Pagina no encontrada GET /images/projnotes-logo.jpeg","timestamp":"17-10-2023 06:29:18"}
{"level":"info","message":"GET /images/projnotes-logo.jpeg 404 1.354 ms - 2092\n","timestamp":"17-10-2023 06:29:18"}
{"level":"info","message":"The server is created from the express instance","timestamp":"17-10-2023 06:30:23"}
{"level":"info","message":"⭐⭐ Listening on undefined:3001 ⭐⭐","timestamp":"17-10-2023 06:30:23"}
{"level":"info","message":"404 Pagina no encontrada GET /main.78177fda92a55203854f.hot-update.json","timestamp":"17-10-2023 06:30:27"}
{"level":"info","message":"GET /main.78177fda92a55203854f.hot-update.json 404 4.569 ms - 2092\n","timestamp":"17-10-2023 06:30:27"}
{"level":"info","message":"GET / 200 29.669 ms - 1560\n","timestamp":"17-10-2023 06:30:28"}
{"level":"info","message":"GET / 200 4.993 ms - 1560\n","timestamp":"17-10-2023 06:30:28"}
{"level":"info","message":"404 Pagina no encontrada GET /main.78177fda92a55203854f.hot-update.json","timestamp":"17-10-2023 06:30:28"}
{"level":"info","message":"GET /main.78177fda92a55203854f.hot-update.json 404 3.918 ms - 2092\n","timestamp":"17-10-2023 06:30:28"}
{"level":"info","message":"GET /images/ProjNotes.jpeg 200 2.223 ms - 72561\n","timestamp":"17-10-2023 06:30:28"}
{"level":"info","message":"GET /images/ProjNotes.jpeg 304 0.967 ms - -\n","timestamp":"17-10-2023 06:30:28"}
{"level":"info","message":"GET / 200 5.471 ms - 1559\n","timestamp":"17-10-2023 06:30:28"}
{"level":"info","message":"GET /images/ProjNotes.jpeg 304 0.445 ms - -\n","timestamp":"17-10-2023 06:30:28"}
{"level":"info","message":"GET /favicon.png 304 0.582 ms - -\n","timestamp":"17-10-2023 06:30:29"}
{"level":"info","message":"GET /favicon.png 304 0.453 ms - -\n","timestamp":"17-10-2023 06:30:30"}
{"level":"info","message":"GET /favicon.png 304 0.514 ms - -\n","timestamp":"17-10-2023 06:30:30"}
{"level":"info","message":"The server is created from the express instance","timestamp":"17-10-2023 06:40:51"}
{"level":"info","message":"⭐⭐ Listening on undefined:3001 ⭐⭐","timestamp":"17-10-2023 06:40:51"}
{"level":"info","message":"The server is created from the express instance","timestamp":"17-10-2023 06:55:10"}
{"level":"info","message":"⭐⭐ Listening on undefined:3001 ⭐⭐","timestamp":"17-10-2023 06:55:10"}
{"level":"info","message":"GET / 200 71.372 ms - 4705\n","timestamp":"17-10-2023 06:55:13"}
{"level":"info","message":"404 Pagina no encontrada GET /user/login","timestamp":"17-10-2023 06:56:27"}
{"level":"info","message":"GET /user/login 404 4.629 ms - 2171\n","timestamp":"17-10-2023 06:56:27"}
{"level":"info","message":"GET / 200 7.958 ms - 4706\n","timestamp":"17-10-2023 06:57:02"}
{"level":"info","message":"404 Pagina no encontrada GET /about","timestamp":"17-10-2023 06:57:06"}
{"level":"info","message":"GET /about 404 1.672 ms - 2171\n","timestamp":"17-10-2023 06:57:06"}
{"level":"info","message":"404 Pagina no encontrada GET /projects","timestamp":"17-10-2023 06:57:11"}
{"level":"info","message":"GET /projects 404 1.732 ms - 2171\n","timestamp":"17-10-2023 06:57:11"}
{"level":"info","message":"GET / 200 4.952 ms - 4705\n","timestamp":"17-10-2023 06:57:15"}
{"level":"info","message":"GET / 304 6.573 ms - -\n","timestamp":"17-10-2023 06:57:17"}
{"level":"info","message":"GET / 200 4.714 ms - 4706\n","timestamp":"17-10-2023 06:57:19"}
{"level":"info","message":"The server is created from the express instance","timestamp":"17-10-2023 06:58:15"}
{"level":"info","message":"⭐⭐ Listening on undefined:3001 ⭐⭐","timestamp":"17-10-2023 06:58:15"}
{"level":"info","message":"GET / 304 20.818 ms - -\n","timestamp":"17-10-2023 06:58:19"}
{"level":"info","message":"GET / 200 5.663 ms - 4706\n","timestamp":"17-10-2023 06:58:27"}
{"level":"info","message":"The server is created from the express instance","timestamp":"17-10-2023 16:45:23"}
{"level":"info","message":"⭐⭐ Listening on undefined:3001 ⭐⭐","timestamp":"17-10-2023 16:45:23"}
{"level":"info","message":"GET / 304 46.270 ms - -\n","timestamp":"17-10-2023 16:45:28"}
{"level":"info","message":"The server is created from the express instance","timestamp":"17-10-2023 17:12:56"}
{"level":"info","message":"⭐⭐ Listening on undefined:3001 ⭐⭐","timestamp":"17-10-2023 17:12:56"}
{"level":"info","message":"GET / 304 18.877 ms - -\n","timestamp":"17-10-2023 17:13:00"}
{"level":"info","message":"GET /favicon.png 304 0.938 ms - -\n","timestamp":"17-10-2023 17:13:02"}
{"level":"info","message":"The server is created from the express instance","timestamp":"23-10-2023 15:16:51"}
{"level":"info","message":"⭐⭐ Listening on undefined:3001 ⭐⭐","timestamp":"23-10-2023 15:16:51"}
{"level":"info","message":"GET / 200 25.193 ms - 4705\n","timestamp":"23-10-2023 15:16:55"}
{"level":"info","message":"The server is created from the express instance","timestamp":"23-10-2023 15:52:51"}
{"level":"info","message":"⭐⭐ Listening on undefined:3001 ⭐⭐","timestamp":"23-10-2023 15:52:51"}
{"level":"info","message":"GET / 304 19.865 ms - -\n","timestamp":"23-10-2023 15:52:57"}
{"level":"info","message":"GET /favicon.png 200 5.041 ms - 1747\n","timestamp":"23-10-2023 15:53:02"}
{"level":"info","message":"GET /user/logout 200 1.135 ms - 45\n","timestamp":"23-10-2023 15:53:09"}
{"level":"info","message":"404 Pagina no encontrada GET /favicon.ico","timestamp":"23-10-2023 15:53:10"}
{"level":"info","message":"GET /favicon.ico 404 3.324 ms - 2092\n","timestamp":"23-10-2023 15:53:10"}
{"level":"info","message":"The server is created from the express instance","timestamp":"23-10-2023 15:55:09"}
{"level":"info","message":"⭐⭐ Listening on undefined:3001 ⭐⭐","timestamp":"23-10-2023 15:55:09"}
{"level":"info","message":"GET / 200 20.385 ms - 4706\n","timestamp":"23-10-2023 15:55:17"}
{"level":"info","message":"GET /user/logout 304 0.874 ms - -\n","timestamp":"23-10-2023 15:55:33"}
{"level":"info","message":"GET / 304 6.811 ms - -\n","timestamp":"23-10-2023 15:55:54"}
{"level":"info","message":"GET /favicon.png 304 0.893 ms - -\n","timestamp":"23-10-2023 15:55:56"}
{"level":"info","message":"GET / 200 4.473 ms - 4706\n","timestamp":"23-10-2023 15:56:07"}
{"level":"info","message":"GET /favicon.png 304 0.400 ms - -\n","timestamp":"23-10-2023 15:56:11"}
{"level":"info","message":"The server is created from the express instance","timestamp":"23-10-2023 16:56:10"}
{"level":"info","message":"⭐⭐ Listening on undefined:3001 ⭐⭐","timestamp":"23-10-2023 16:56:10"}
{"level":"info","message":"GET / 200 25.149 ms - 4701\n","timestamp":"23-10-2023 16:56:13"}
{"level":"info","message":"404 Pagina no encontrada GET /main.9d1bc09275720fd52188.hot-update.json","timestamp":"23-10-2023 16:56:13"}
{"level":"info","message":"GET /main.9d1bc09275720fd52188.hot-update.json 404 3.664 ms - 2092\n","timestamp":"23-10-2023 16:56:13"}
{"level":"info","message":"GET / 200 4.647 ms - 4700\n","timestamp":"23-10-2023 16:56:13"}
{"level":"info","message":"404 Pagina no encontrada GET /projects/projects","timestamp":"23-10-2023 16:56:17"}
{"level":"info","message":"GET /projects/projects 404 2.595 ms - 2171\n","timestamp":"23-10-2023 16:56:17"}
{"level":"info","message":"GET /favicon.png 304 0.751 ms - -\n","timestamp":"23-10-2023 16:56:17"}
{"level":"info","message":"404 Pagina no encontrada GET /projects/add","timestamp":"23-10-2023 16:56:22"}
{"level":"info","message":"GET /projects/add 404 1.525 ms - 2171\n","timestamp":"23-10-2023 16:56:22"}
{"level":"info","message":"The server is created from the express instance","timestamp":"23-10-2023 16:57:05"}
{"level":"info","message":"⭐⭐ Listening on undefined:3001 ⭐⭐","timestamp":"23-10-2023 16:57:05"}
{"level":"info","message":"404 Pagina no encontrada GET /main.659770653c072dfb7e41.hot-update.json","timestamp":"23-10-2023 16:57:08"}
{"level":"info","message":"GET /main.659770653c072dfb7e41.hot-update.json 404 4.878 ms - 2092\n","timestamp":"23-10-2023 16:57:08"}
{"level":"info","message":"GET / 200 19.288 ms - 4701\n","timestamp":"23-10-2023 16:57:09"}
{"level":"info","message":"GET /favicon.png 304 1.022 ms - -\n","timestamp":"23-10-2023 16:57:10"}
{"level":"info","message":"GET / 304 6.796 ms - -\n","timestamp":"23-10-2023 16:57:13"}
{"level":"info","message":"404 Pagina no encontrada GET /projects/projects","timestamp":"23-10-2023 16:57:16"}
{"level":"info","message":"GET /projects/projects 404 2.158 ms - 2171\n","timestamp":"23-10-2023 16:57:16"}
{"level":"info","message":"404 Pagina no encontrada GET /projects/add","timestamp":"23-10-2023 16:57:20"}
{"level":"info","message":"GET /projects/add 404 1.708 ms - 2171\n","timestamp":"23-10-2023 16:57:20"}
{"level":"info","message":"GET /about 200 0.610 ms - 39\n","timestamp":"23-10-2023 16:57:24"}
{"level":"info","message":"The server is created from the express instance","timestamp":"23-10-2023 16:58:13"}
{"level":"info","message":"⭐⭐ Listening on undefined:3001 ⭐⭐","timestamp":"23-10-2023 16:58:13"}
{"level":"info","message":"The server is created from the express instance","timestamp":"23-10-2023 16:58:15"}
{"level":"info","message":"⭐⭐ Listening on undefined:3001 ⭐⭐","timestamp":"23-10-2023 16:58:15"}
{"level":"info","message":"404 Pagina no encontrada GET /main.0cbd87f26e2efa127df1.hot-update.json","timestamp":"23-10-2023 16:58:18"}
{"level":"info","message":"GET /main.0cbd87f26e2efa127df1.hot-update.json 404 5.176 ms - 2092\n","timestamp":"23-10-2023 16:58:18"}
{"level":"info","message":"GET / 200 17.582 ms - 4701\n","timestamp":"23-10-2023 16:58:18"}
{"level":"info","message":"The server is created from the express instance","timestamp":"23-10-2023 16:58:26"}
{"level":"info","message":"⭐⭐ Listening on undefined:3001 ⭐⭐","timestamp":"23-10-2023 16:58:26"}
{"level":"info","message":"The server is created from the express instance","timestamp":"23-10-2023 16:58:28"}
{"level":"info","message":"⭐⭐ Listening on undefined:3001 ⭐⭐","timestamp":"23-10-2023 16:58:28"}
{"level":"info","message":"404 Pagina no encontrada GET /main.df1a6061c1ae94956bf1.hot-update.json","timestamp":"23-10-2023 16:58:30"}
{"level":"info","message":"GET /main.df1a6061c1ae94956bf1.hot-update.json 404 5.093 ms - 2092\n","timestamp":"23-10-2023 16:58:30"}
{"level":"info","message":"GET / 200 27.084 ms - 4700\n","timestamp":"23-10-2023 16:58:30"}
{"level":"info","message":"GET / 304 8.040 ms - -\n","timestamp":"23-10-2023 16:58:31"}
{"level":"info","message":"GET /favicon.png 304 1.015 ms - -\n","timestamp":"23-10-2023 16:58:32"}
{"level":"info","message":"GET /favicon.png 304 0.496 ms - -\n","timestamp":"23-10-2023 16:58:33"}
{"level":"info","message":"404 Pagina no encontrada GET /projects/projects","timestamp":"23-10-2023 16:58:34"}
{"level":"info","message":"GET /projects/projects 404 2.102 ms - 2171\n","timestamp":"23-10-2023 16:58:34"}
{"level":"info","message":"GET /about 304 0.597 ms - -\n","timestamp":"23-10-2023 16:58:38"}
{"level":"info","message":"GET /about 304 0.532 ms - -\n","timestamp":"23-10-2023 16:58:46"}
{"level":"info","message":"404 Pagina no encontrada GET /projects/projects","timestamp":"23-10-2023 16:58:51"}
{"level":"info","message":"GET /projects/projects 404 3.739 ms - 2171\n","timestamp":"23-10-2023 16:58:51"}
{"level":"info","message":"The server is created from the express instance","timestamp":"23-10-2023 17:00:50"}
{"level":"info","message":"⭐⭐ Listening on undefined:3001 ⭐⭐","timestamp":"23-10-2023 17:00:50"}
{"level":"info","message":"404 Pagina no encontrada GET /main.289f1908a52e4e97b0d0.hot-update.json","timestamp":"23-10-2023 17:00:54"}
{"level":"info","message":"GET /main.289f1908a52e4e97b0d0.hot-update.json 404 5.859 ms - 2092\n","timestamp":"23-10-2023 17:00:54"}
{"level":"info","message":"GET / 304 21.888 ms - -\n","timestamp":"23-10-2023 17:00:54"}
{"level":"info","message":"GET /favicon.png 304 0.931 ms - -\n","timestamp":"23-10-2023 17:00:55"}
{"level":"info","message":"The server is created from the express instance","timestamp":"23-10-2023 17:01:04"}
{"level":"info","message":"⭐⭐ Listening on undefined:3001 ⭐⭐","timestamp":"23-10-2023 17:01:04"}
{"level":"info","message":"The server is created from the express instance","timestamp":"23-10-2023 17:01:06"}
{"level":"info","message":"⭐⭐ Listening on undefined:3001 ⭐⭐","timestamp":"23-10-2023 17:01:06"}
{"level":"info","message":"404 Pagina no encontrada GET /main.d2864963891dfadfbf37.hot-update.json","timestamp":"23-10-2023 17:01:09"}
{"level":"info","message":"GET /main.d2864963891dfadfbf37.hot-update.json 404 5.273 ms - 2092\n","timestamp":"23-10-2023 17:01:09"}
{"level":"info","message":"GET / 304 20.841 ms - -\n","timestamp":"23-10-2023 17:01:09"}
{"level":"info","message":"GET /favicon.png 304 0.953 ms - -\n","timestamp":"23-10-2023 17:01:10"}
{"level":"info","message":"The server is created from the express instance","timestamp":"23-10-2023 17:01:18"}
{"level":"info","message":"⭐⭐ Listening on undefined:3001 ⭐⭐","timestamp":"23-10-2023 17:01:18"}
{"level":"info","message":"The server is created from the express instance","timestamp":"23-10-2023 17:01:20"}
{"level":"info","message":"⭐⭐ Listening on undefined:3001 ⭐⭐","timestamp":"23-10-2023 17:01:20"}
{"level":"info","message":"404 Pagina no encontrada GET /main.30b260708cc7a93015e0.hot-update.json","timestamp":"23-10-2023 17:01:22"}
{"level":"info","message":"GET /main.30b260708cc7a93015e0.hot-update.json 404 29.064 ms - 2092\n","timestamp":"23-10-2023 17:01:23"}
{"level":"info","message":"GET / 200 107.293 ms - 4701\n","timestamp":"23-10-2023 17:01:23"}
{"level":"info","message":"GET /favicon.png 304 1.158 ms - -\n","timestamp":"23-10-2023 17:01:24"}
{"level":"info","message":"GET / 304 4.635 ms - -\n","timestamp":"23-10-2023 17:01:31"}
{"level":"info","message":"404 Pagina no encontrada GET /projects/projects","timestamp":"23-10-2023 17:01:34"}
{"level":"info","message":"GET /projects/projects 404 3.239 ms - 2171\n","timestamp":"23-10-2023 17:01:34"}
{"level":"info","message":"The server is created from the express instance","timestamp":"23-10-2023 17:03:34"}
{"level":"info","message":"⭐⭐ Listening on undefined:3001 ⭐⭐","timestamp":"23-10-2023 17:03:34"}
{"level":"info","message":"404 Pagina no encontrada GET /main.576299c5cd87a3c4cc57.hot-update.json","timestamp":"23-10-2023 17:03:37"}
{"level":"info","message":"GET /main.576299c5cd87a3c4cc57.hot-update.json 404 4.919 ms - 2092\n","timestamp":"23-10-2023 17:03:37"}
{"level":"info","message":"GET / 200 17.551 ms - 4699\n","timestamp":"23-10-2023 17:03:37"}
{"level":"info","message":"GET /favicon.png 304 1.087 ms - -\n","timestamp":"23-10-2023 17:03:38"}
{"level":"info","message":"GET / 304 5.591 ms - -\n","timestamp":"23-10-2023 17:03:39"}
{"level":"info","message":"GET /project/projects 200 0.711 ms - 50\n","timestamp":"23-10-2023 17:03:42"}
{"level":"info","message":"The server is created from the express instance","timestamp":"23-10-2023 17:04:56"}
{"level":"info","message":"⭐⭐ Listening on undefined:3001 ⭐⭐","timestamp":"23-10-2023 17:04:56"}
{"level":"info","message":"404 Pagina no encontrada GET /main.dad3e23f9442079e151a.hot-update.json","timestamp":"23-10-2023 17:04:59"}
{"level":"info","message":"GET /main.dad3e23f9442079e151a.hot-update.json 404 4.879 ms - 2092\n","timestamp":"23-10-2023 17:04:59"}
{"level":"info","message":"GET / 200 17.262 ms - 4699\n","timestamp":"23-10-2023 17:04:59"}
{"level":"info","message":"GET /favicon.png 304 0.961 ms - -\n","timestamp":"23-10-2023 17:05:00"}
{"level":"info","message":"GET /project/add 200 0.823 ms - 45\n","timestamp":"23-10-2023 17:05:50"}
{"level":"info","message":"The server is created from the express instance","timestamp":"23-10-2023 17:06:35"}
{"level":"info","message":"⭐⭐ Listening on undefined:3001 ⭐⭐","timestamp":"23-10-2023 17:06:35"}
{"level":"info","message":"404 Pagina no encontrada GET /main.86bccc9ef30a4b15a21c.hot-update.json","timestamp":"23-10-2023 17:06:39"}
{"level":"info","message":"GET /main.86bccc9ef30a4b15a21c.hot-update.json 404 4.964 ms - 2092\n","timestamp":"23-10-2023 17:06:39"}
{"level":"info","message":"GET / 200 17.646 ms - 4699\n","timestamp":"23-10-2023 17:06:40"}
{"level":"info","message":"GET / 304 7.124 ms - -\n","timestamp":"23-10-2023 17:06:40"}
{"level":"info","message":"GET /favicon.png 304 0.773 ms - -\n","timestamp":"23-10-2023 17:06:41"}
{"level":"info","message":"GET /favicon.png 304 0.364 ms - -\n","timestamp":"23-10-2023 17:06:42"}
{"level":"info","message":"GET /project/projects 200 0.936 ms - 50\n","timestamp":"23-10-2023 17:06:44"}
{"level":"info","message":"GET /project/add 304 0.610 ms - -\n","timestamp":"23-10-2023 17:06:48"}
{"level":"info","message":"GET /about 304 0.624 ms - -\n","timestamp":"23-10-2023 17:06:52"}
{"level":"info","message":"404 Pagina no encontrada GET /projects","timestamp":"23-10-2023 17:08:33"}
{"level":"info","message":"GET /projects 404 2.225 ms - 2171\n","timestamp":"23-10-2023 17:08:33"}
{"level":"info","message":"404 Pagina no encontrada GET /projects","timestamp":"23-10-2023 17:09:17"}
{"level":"info","message":"GET /projects 404 2.222 ms - 2171\n","timestamp":"23-10-2023 17:09:17"}
{"level":"info","message":"The server is created from the express instance","timestamp":"23-10-2023 17:09:28"}
{"level":"info","message":"⭐⭐ Listening on undefined:3001 ⭐⭐","timestamp":"23-10-2023 17:09:28"}
{"level":"info","message":"404 Pagina no encontrada GET /main.0211577eec3ba22df98c.hot-update.json","timestamp":"23-10-2023 17:09:31"}
{"level":"info","message":"GET /main.0211577eec3ba22df98c.hot-update.json 404 4.861 ms - 2092\n","timestamp":"23-10-2023 17:09:31"}
{"level":"info","message":"GET / 200 28.140 ms - 4707\n","timestamp":"23-10-2023 17:09:31"}
{"level":"info","message":"GET /favicon.png 304 1.296 ms - -\n","timestamp":"23-10-2023 17:09:32"}
{"level":"info","message":"GET / 304 4.772 ms - -\n","timestamp":"23-10-2023 17:09:39"}
{"level":"info","message":"GET /project/projects 304 0.688 ms - -\n","timestamp":"23-10-2023 17:09:45"}
{"level":"info","message":"The server is created from the express instance","timestamp":"25-10-2023 15:25:50"}
{"level":"info","message":"⭐⭐ Listening on undefined:3001 ⭐⭐","timestamp":"25-10-2023 15:25:50"}
{"level":"info","message":"GET / 200 26.560 ms - 4707\n","timestamp":"25-10-2023 15:25:57"}
{"level":"info","message":"GET /about 200 0.866 ms - 39\n","timestamp":"25-10-2023 15:26:11"}
{"level":"info","message":"404 Pagina no encontrada GET /favicon.ico","timestamp":"25-10-2023 15:26:11"}
{"level":"info","message":"GET /favicon.ico 404 3.293 ms - 2092\n","timestamp":"25-10-2023 15:26:11"}
{"level":"info","message":"GET /project/add 200 0.565 ms - 45\n","timestamp":"25-10-2023 15:26:17"}
{"level":"info","message":"GET /user/logout 200 0.677 ms - 45\n","timestamp":"25-10-2023 15:26:23"}
{"level":"info","message":"GET /user/register 200 0.631 ms - 47\n","timestamp":"25-10-2023 15:26:30"}
{"level":"info","message":"GET /project/projects 200 0.533 ms - 50\n","timestamp":"25-10-2023 15:26:38"}
{"level":"info","message":"GET / 200 6.838 ms - 4706\n","timestamp":"25-10-2023 15:26:43"}
{"level":"info","message":"GET /project/projects 304 0.801 ms - -\n","timestamp":"25-10-2023 15:27:11"}
{"level":"info","message":"GET /user/login 200 1.094 ms - 44\n","timestamp":"25-10-2023 15:27:19"}
{"level":"info","message":"GET /project/projects 304 0.728 ms - -\n","timestamp":"25-10-2023 15:27:31"}
{"level":"info","message":"The server is created from the express instance","timestamp":"25-10-2023 15:38:41"}
{"level":"info","message":"⭐⭐ Listening on undefined:3001 ⭐⭐","timestamp":"25-10-2023 15:38:41"}
{"level":"info","message":"GET / 200 63.346 ms - 4707\n","timestamp":"25-10-2023 15:38:47"}
{"level":"info","message":"The server is created from the express instance","timestamp":"25-10-2023 17:12:40"}
{"level":"info","message":"⭐⭐ Listening on undefined:3001 ⭐⭐","timestamp":"25-10-2023 17:12:40"}
{"level":"info","message":"The server is created from the express instance","timestamp":"25-10-2023 17:12:41"}
{"level":"info","message":"⭐⭐ Listening on undefined:3001 ⭐⭐","timestamp":"25-10-2023 17:12:41"}
{"level":"info","message":"The server is created from the express instance","timestamp":"25-10-2023 17:12:45"}
{"level":"info","message":"⭐⭐ Listening on undefined:3001 ⭐⭐","timestamp":"25-10-2023 17:12:45"}
{"level":"info","message":"GET / 200 35.104 ms - 5208\n","timestamp":"25-10-2023 17:12:47"}
{"level":"info","message":"The server is created from the express instance","timestamp":"25-10-2023 17:16:14"}
{"level":"info","message":"⭐⭐ Listening on undefined:3001 ⭐⭐","timestamp":"25-10-2023 17:16:14"}
{"level":"info","message":"404 Pagina no encontrada GET /main.42aab1d8cd2e1947247b.hot-update.json","timestamp":"25-10-2023 17:16:17"}
{"level":"info","message":"GET /main.42aab1d8cd2e1947247b.hot-update.json 404 4.784 ms - 2092\n","timestamp":"25-10-2023 17:16:17"}
{"level":"info","message":"GET / 200 19.100 ms - 5208\n","timestamp":"25-10-2023 17:16:17"}
{"level":"info","message":"GET /favicon.png 200 5.761 ms - 1747\n","timestamp":"25-10-2023 17:16:20"}
{"level":"info","message":"The server is created from the express instance","timestamp":"25-10-2023 17:17:30"}
{"level":"info","message":"⭐⭐ Listening on undefined:3001 ⭐⭐","timestamp":"25-10-2023 17:17:30"}
{"level":"info","message":"404 Pagina no encontrada GET /main.22bbcf4405d5d0a1c31f.hot-update.json","timestamp":"25-10-2023 17:17:32"}
{"level":"info","message":"GET /main.22bbcf4405d5d0a1c31f.hot-update.json 404 6.312 ms - 2092\n","timestamp":"25-10-2023 17:17:32"}
{"level":"info","message":"GET / 304 22.616 ms - -\n","timestamp":"25-10-2023 17:17:33"}
{"level":"info","message":"GET / 200 4.971 ms - 5208\n","timestamp":"25-10-2023 17:17:33"}
{"level":"info","message":"GET /favicon.png 304 0.876 ms - -\n","timestamp":"25-10-2023 17:17:35"}
{"level":"info","message":"GET /favicon.png 304 0.589 ms - -\n","timestamp":"25-10-2023 17:17:36"}
{"level":"info","message":"GET /project/add 200 0.793 ms - 45\n","timestamp":"25-10-2023 17:17:40"}
{"level":"info","message":"The server is created from the express instance","timestamp":"25-10-2023 17:18:09"}
{"level":"info","message":"⭐⭐ Listening on undefined:3001 ⭐⭐","timestamp":"25-10-2023 17:18:09"}
{"level":"info","message":"The server is created from the express instance","timestamp":"25-10-2023 17:18:10"}
{"level":"info","message":"⭐⭐ Listening on undefined:3001 ⭐⭐","timestamp":"25-10-2023 17:18:10"}
{"level":"info","message":"404 Pagina no encontrada GET /main.8ca36d52b03bffa4d0a2.hot-update.json","timestamp":"25-10-2023 17:18:13"}
{"level":"info","message":"GET /main.8ca36d52b03bffa4d0a2.hot-update.json 404 4.731 ms - 2092\n","timestamp":"25-10-2023 17:18:13"}
{"level":"info","message":"GET / 200 42.606 ms - 5208\n","timestamp":"25-10-2023 17:18:13"}
{"level":"info","message":"The server is created from the express instance","timestamp":"25-10-2023 17:18:16"}
{"level":"info","message":"⭐⭐ Listening on undefined:3001 ⭐⭐","timestamp":"25-10-2023 17:18:16"}
{"level":"info","message":"The server is created from the express instance","timestamp":"25-10-2023 17:18:27"}
{"level":"info","message":"⭐⭐ Listening on undefined:3001 ⭐⭐","timestamp":"25-10-2023 17:18:27"}
{"level":"info","message":"GET / 200 18.616 ms - 5208\n","timestamp":"25-10-2023 17:18:38"}
{"level":"info","message":"GET /favicon.png 304 0.934 ms - -\n","timestamp":"25-10-2023 17:18:40"}
{"level":"info","message":"The server is created from the express instance","timestamp":"25-10-2023 17:57:57"}
{"level":"info","message":"⭐⭐ Listening on undefined:3001 ⭐⭐","timestamp":"25-10-2023 17:57:57"}
{"level":"info","message":"404 Pagina no encontrada GET /main.9517ba676eece08f130b.hot-update.json","timestamp":"25-10-2023 17:58:00"}
{"level":"info","message":"GET /main.9517ba676eece08f130b.hot-update.json 404 4.712 ms - 2092\n","timestamp":"25-10-2023 17:58:00"}
{"level":"info","message":"GET / 200 26.987 ms - 5208\n","timestamp":"25-10-2023 17:58:01"}
{"level":"info","message":"GET / 200 4.426 ms - 5208\n","timestamp":"25-10-2023 17:58:01"}
{"level":"info","message":"GET /favicon.png 304 1.246 ms - -\n","timestamp":"25-10-2023 17:58:02"}
{"level":"info","message":"GET /favicon.png 304 0.481 ms - -\n","timestamp":"25-10-2023 17:58:03"}
{"level":"info","message":"GET /about 200 0.715 ms - 39\n","timestamp":"25-10-2023 17:58:07"}
{"level":"info","message":"The server is created from the express instance","timestamp":"27-10-2023 04:31:03"}
{"level":"info","message":"⭐⭐ Listening on undefined:3001 ⭐⭐","timestamp":"27-10-2023 04:31:03"}
{"level":"info","message":"GET / 200 19.826 ms - 5208\n","timestamp":"27-10-2023 04:31:08"}
{"level":"info","message":"GET /about 200 0.847 ms - 39\n","timestamp":"27-10-2023 04:31:22"}
{"level":"info","message":"The server is created from the express instance","timestamp":"27-10-2023 04:32:53"}
{"level":"info","message":"⭐⭐ Listening on undefined:3001 ⭐⭐","timestamp":"27-10-2023 04:32:53"}
{"level":"info","message":"404 Pagina no encontrada GET /main.067dd2c0539139988cbc.hot-update.json","timestamp":"27-10-2023 04:32:56"}
{"level":"info","message":"GET /main.067dd2c0539139988cbc.hot-update.json 404 4.300 ms - 2092\n","timestamp":"27-10-2023 04:32:56"}
{"level":"info","message":"GET / 200 21.757 ms - 5207\n","timestamp":"27-10-2023 04:32:56"}
{"level":"info","message":"GET /favicon.png 304 0.770 ms - -\n","timestamp":"27-10-2023 04:32:57"}
{"level":"info","message":"The server is created from the express instance","timestamp":"27-10-2023 04:33:05"}
{"level":"info","message":"⭐⭐ Listening on undefined:3001 ⭐⭐","timestamp":"27-10-2023 04:33:05"}
{"level":"info","message":"404 Pagina no encontrada GET /main.1d291241d1fd98c047e5.hot-update.json","timestamp":"27-10-2023 04:33:08"}
{"level":"info","message":"GET /main.1d291241d1fd98c047e5.hot-update.json 404 4.249 ms - 2092\n","timestamp":"27-10-2023 04:33:08"}
{"level":"info","message":"GET / 200 15.563 ms - 5208\n","timestamp":"27-10-2023 04:33:08"}
{"level":"info","message":"GET / 200 3.912 ms - 5207\n","timestamp":"27-10-2023 04:33:09"}
{"level":"info","message":"GET /favicon.png 304 0.821 ms - -\n","timestamp":"27-10-2023 04:33:13"}
{"level":"info","message":"GET /about 200 5.242 ms - 5094\n","timestamp":"27-10-2023 04:33:14"}
{"level":"info","message":"GET / 200 3.385 ms - 5208\n","timestamp":"27-10-2023 04:33:24"}
{"level":"info","message":"GET /project/add 304 0.631 ms - -\n","timestamp":"27-10-2023 04:33:34"}
{"level":"info","message":"The server is created from the express instance","timestamp":"27-10-2023 04:51:55"}
{"level":"info","message":"⭐⭐ Listening on undefined:3001 ⭐⭐","timestamp":"27-10-2023 04:51:55"}
{"level":"info","message":"GET / 304 17.246 ms - -\n","timestamp":"27-10-2023 04:52:00"}
{"level":"info","message":"GET /favicon.png 304 1.201 ms - -\n","timestamp":"27-10-2023 04:52:03"}
{"level":"info","message":"GET /about 304 4.106 ms - -\n","timestamp":"27-10-2023 04:52:05"}
{"level":"info","message":"GET /project/projects 304 0.670 ms - -\n","timestamp":"27-10-2023 04:52:18"}
{"level":"info","message":"The server is created from the express instance","timestamp":"27-10-2023 05:13:54"}
{"level":"info","message":"⭐⭐ Listening on undefined:3001 ⭐⭐","timestamp":"27-10-2023 05:13:54"}
{"level":"info","message":"GET / 200 27.629 ms - 5208\n","timestamp":"27-10-2023 05:14:00"}
{"level":"info","message":"GET /about 304 8.176 ms - -\n","timestamp":"27-10-2023 05:14:04"}
{"level":"info","message":"The server is created from the express instance","timestamp":"27-10-2023 05:34:07"}
{"level":"info","message":"⭐⭐ Listening on undefined:3001 ⭐⭐","timestamp":"27-10-2023 05:34:07"}
{"level":"info","message":"GET / 304 18.274 ms - -\n","timestamp":"27-10-2023 05:34:10"}
{"level":"info","message":"GET /about 304 8.840 ms - -\n","timestamp":"27-10-2023 05:34:16"}
{"level":"info","message":"GET / 200 4.312 ms - 5208\n","timestamp":"27-10-2023 05:34:20"}
{
  message: 'The server is created from the express instance',
  level: 'info',
  timestamp: '31-10-2023 03:14:00'
}
{
  message: '⭐⭐ Listening on undefined:3001 ⭐⭐',
  level: 'info',
  timestamp: '31-10-2023 03:14:00'
}
{
  message: '🔴 No pasa la verificacion de conexion a la 80 ',
  level: 'info',
  timestamp: '31-10-2023 03:14:06'
}
{
  message: 'The server is created from the express instance',
  level: 'info',
  timestamp: '31-10-2023 03:48:02'
}
{
  message: '⭐⭐ Listening on undefined:3001 ⭐⭐',
  level: 'info',
  timestamp: '31-10-2023 03:48:02'
}
{
  message: '🔴 No pasa la verificacion de conexion a la 80 ',
  level: 'info',
  timestamp: '31-10-2023 03:48:07'
}
{
  message: 'The server is created from the express instance',
  level: 'info',
  timestamp: '31-10-2023 03:50:15'
}
{
  message: '⭐⭐ Listening on undefined:3001 ⭐⭐',
  level: 'info',
  timestamp: '31-10-2023 03:50:15'
}
{
  message: '🔴 No pasa la verificacion de conexion a la 80 ',
  level: 'info',
  timestamp: '31-10-2023 03:50:21'
}
{
  message: 'The server is created from the express instance',
  level: 'info',
  timestamp: '01-11-2023 16:17:49'
}
{
  message: '⭐⭐ Listening on undefined:3001 ⭐⭐',
  level: 'info',
  timestamp: '01-11-2023 16:17:49'
}
{
  message: '🔴 No pasa la verificacion de conexion a la 80 ',
  level: 'info',
  timestamp: '01-11-2023 16:17:55'
}
{
  message: '🔴 No pasa la verificacion de conexion a la 80 ',
  level: 'info',
  timestamp: '01-11-2023 16:18:21'
}
{
  message: 'The server is created from the express instance',
  level: 'info',
  timestamp: '01-11-2023 16:18:37'
}
{
  message: '⭐⭐ Listening on undefined:3001 ⭐⭐',
  level: 'info',
  timestamp: '01-11-2023 16:18:37'
}
{
  message: '🔴 No pasa la verificacion de conexion a la 80 ',
  level: 'info',
  timestamp: '01-11-2023 16:18:45'
}
{
  message: '🔴 No pasa la verificacion de conexion a la 80 ',
  level: 'info',
  timestamp: '01-11-2023 16:19:14'
}
{
  message: '🔴 No pasa la verificacion de conexion a la 80 ',
  level: 'info',
  timestamp: '01-11-2023 16:19:35'
}
{
  message: '🔴 No pasa la verificacion de conexion a la 80 ',
  level: 'info',
  timestamp: '01-11-2023 16:19:42'
}
{
  message: '🔴 No pasa la verificacion de conexion a la 80 ',
  level: 'info',
  timestamp: '01-11-2023 16:20:11'
}
{
  message: 'The server is created from the express instance',
  level: 'info',
  timestamp: '01-11-2023 16:21:56'
}
{
  message: '⭐⭐ Listening on undefined:3001 ⭐⭐',
  level: 'info',
  timestamp: '01-11-2023 16:21:56'
}
{
  message: '🔴 No pasa la verificacion de conexion a la 80 ',
  level: 'info',
  timestamp: '01-11-2023 16:22:01'
}
{
  message: '🔴 No pasa la verificacion de conexion a la 80 ',
  level: 'info',
  timestamp: '01-11-2023 16:22:04'
}
{
  message: '🔴 No pasa la verificacion de conexion a la 80 ',
  level: 'info',
  timestamp: '01-11-2023 16:22:04'
}
{
  message: 'The server is created from the express instance',
  level: 'info',
  timestamp: '01-11-2023 16:39:40'
}
{
  message: '⭐⭐ Listening on undefined:3001 ⭐⭐',
  level: 'info',
  timestamp: '01-11-2023 16:39:40'
}
{
  message: '🔴 No pasa la verificacion de conexion a la DB ',
  level: 'info',
  timestamp: '01-11-2023 16:39:48'
}
{
  message: '🔴 No pasa la verificacion de conexion a la DB ',
  level: 'info',
  timestamp: '01-11-2023 16:39:49'
}
{
  message: 'The server is created from the express instance',
  level: 'info',
  timestamp: '01-11-2023 16:41:03'
}
{
  message: '⭐⭐ Listening on undefined:3001 ⭐⭐',
  level: 'info',
  timestamp: '01-11-2023 16:41:03'
}
{
  message: '🔴 No pasa la verificacion de conexion a la DB ',
  level: 'info',
  timestamp: '01-11-2023 16:41:08'
}
{
  message: '🔴 No pasa la verificacion de conexion a la DB ',
  level: 'info',
  timestamp: '01-11-2023 16:41:10'
}
{
  message: '🔴 No pasa la verificacion de conexion a la DB ',
  level: 'info',
  timestamp: '01-11-2023 16:42:04'
}
{
  message: '🔴 No pasa la verificacion de conexion a la DB ',
  level: 'info',
  timestamp: '01-11-2023 16:42:27'
}
{
  message: '🔴 No pasa la verificacion de conexion a la DB ',
  level: 'info',
  timestamp: '01-11-2023 16:42:28'
}
{
  message: '🔴 No pasa la verificacion de conexion a la DB ',
  level: 'info',
  timestamp: '01-11-2023 16:42:35'
}
{
  message: '🔴 No pasa la verificacion de conexion a la DB ',
  level: 'info',
  timestamp: '01-11-2023 16:42:36'
}
{
  message: '🔴 No pasa la verificacion de conexion a la DB ',
  level: 'info',
  timestamp: '01-11-2023 16:47:46'
}
{
  message: '🔴 No pasa la verificacion de conexion a la DB ',
  level: 'info',
  timestamp: '01-11-2023 16:47:47'
}
{
  message: '🔴 No pasa la verificacion de conexion a la DB ',
  level: 'info',
  timestamp: '01-11-2023 16:47:55'
}
{
  message: '🔴 No pasa la verificacion de conexion a la DB ',
  level: 'info',
  timestamp: '01-11-2023 16:47:56'
}
{
  message: '🔴 No pasa la verificacion de conexion a la DB ',
  level: 'info',
  timestamp: '01-11-2023 16:55:07'
}
{
  message: '🔴 No pasa la verificacion de conexion a la DB ',
  level: 'info',
  timestamp: '01-11-2023 16:55:08'
}
{
  message: '🔴 No pasa la verificacion de conexion a la DB ',
  level: 'info',
  timestamp: '01-11-2023 16:55:08'
}
{
  message: 'The server is created from the express instance',
  level: 'info',
  timestamp: '05-11-2023 05:49:22'
}
{
  message: '⭐⭐ Listening on undefined:3001 ⭐⭐',
  level: 'info',
  timestamp: '05-11-2023 05:49:22'
}
{
  message: '🔴 No pasa la verificacion de conexion a la DB ',
  level: 'info',
  timestamp: '05-11-2023 05:49:38'
}
{
  message: '🔴 No pasa la verificacion de conexion a la DB ',
  level: 'info',
  timestamp: '05-11-2023 05:49:38'
}
{
  message: '🔴 No pasa la verificacion de conexion a la DB ',
  level: 'info',
  timestamp: '05-11-2023 05:49:38'
}
{
  message: '🔴 No pasa la verificacion de conexion a la DB ',
  level: 'info',
  timestamp: '05-11-2023 05:49:41'
}
{
  message: '🔴 No pasa la verificacion de conexion a la DB ',
  level: 'info',
  timestamp: '05-11-2023 05:49:42'
}
{
  message: '🔴 No pasa la verificacion de conexion a la DB ',
  level: 'info',
  timestamp: '05-11-2023 05:49:42'
}
{
  message: 'The server is created from the express instance',
  level: 'info',
  timestamp: '15-11-2023 15:47:06'
}
{
  message: '⭐⭐ Listening on http://localhost:5000 ⭐⭐',
  level: 'info',
  timestamp: '15-11-2023 15:47:06'
}
{
  message: '✅ Conectando a MongoDB',
  level: 'info',
  timestamp: '15-11-2023 15:47:06'
}
{
  message: '✔Verificacion de conexion a db exitosa',
  level: 'info',
  timestamp: '15-11-2023 15:47:12'
}
{
  message: 'GET / 200 20.210 ms - 5208\n',
  level: 'info',
  timestamp: '15-11-2023 15:47:12'
}
{
  message: '✔Verificacion de conexion a db exitosa',
  level: 'info',
  timestamp: '15-11-2023 15:47:18'
}
{
  message: 'GET /project/add 200 0.958 ms - 45\n',
  level: 'info',
  timestamp: '15-11-2023 15:47:18'
}
{
  message: 'The server is created from the express instance',
  level: 'info',
  timestamp: '15-11-2023 15:48:42'
}
{
  message: '⭐⭐ Listening on http://localhost:5000 ⭐⭐',
  level: 'info',
  timestamp: '15-11-2023 15:48:42'
}
{
  message: '✅ Conectando a MongoDB',
  level: 'info',
  timestamp: '15-11-2023 15:48:42'
}
{
  message: '✔Verificacion de conexion a db exitosa',
  level: 'info',
  timestamp: '15-11-2023 15:50:24'
}
{
  message: '404 Pagina no encontrada GET /main.de41220ae714bc897b49.hot-update.json',
  level: 'info',
  timestamp: '15-11-2023 15:50:24'
}
{
  message: 'GET /main.de41220ae714bc897b49.hot-update.json 404 5.865 ms - 2092\n',
  level: 'info',
  timestamp: '15-11-2023 15:50:24'
}
{
  message: '✔Verificacion de conexion a db exitosa',
  level: 'info',
  timestamp: '15-11-2023 15:50:25'
}
{
  message: 'GET / 200 20.700 ms - 5208\n',
  level: 'info',
  timestamp: '15-11-2023 15:50:25'
}
{
  message: '✔Verificacion de conexion a db exitosa',
  level: 'info',
  timestamp: '15-11-2023 15:50:26'
}
{
  message: 'GET /favicon.png 200 1.807 ms - 1747\n',
  level: 'info',
  timestamp: '15-11-2023 15:50:26'
}
{
  message: '✔Verificacion de conexion a db exitosa',
  level: 'info',
  timestamp: '15-11-2023 15:50:28'
}
{
  message: 'GET /about 200 12.271 ms - 5094\n',
  level: 'info',
  timestamp: '15-11-2023 15:50:28'
}
{
  message: '✔Verificacion de conexion a db exitosa',
  level: 'info',
  timestamp: '15-11-2023 15:50:33'
}
{
  message: 'GET /project/add 304 1.417 ms - -\n',
  level: 'info',
  timestamp: '15-11-2023 15:50:33'
}
{
  message: '✔Verificacion de conexion a db exitosa',
  level: 'info',
  timestamp: '15-11-2023 15:50:38'
}
{
  message: 'GET /project/projects 200 0.683 ms - 50\n',
  level: 'info',
  timestamp: '15-11-2023 15:50:38'
}
{
  message: 'The server is created from the express instance',
  level: 'info',
  timestamp: '15-11-2023 15:56:33'
}
{
  message: '⭐⭐ Listening on http://localhost:5000 ⭐⭐',
  level: 'info',
  timestamp: '15-11-2023 15:56:33'
}
{
  message: '✅ Conectando a MongoDB',
  level: 'info',
  timestamp: '15-11-2023 15:56:33'
}
{
  message: 'The server is created from the express instance',
  level: 'info',
  timestamp: '15-11-2023 15:56:35'
}
{
  message: '⭐⭐ Listening on http://localhost:5000 ⭐⭐',
  level: 'info',
  timestamp: '15-11-2023 15:56:35'
}
{
  message: '✅ Conectando a MongoDB',
  level: 'info',
  timestamp: '15-11-2023 15:56:36'
}
{
  message: '✔Verificacion de conexion a db exitosa',
  level: 'info',
  timestamp: '15-11-2023 15:56:39'
}
{
  message: 'GET / 200 19.476 ms - 5207\n',
  level: 'info',
  timestamp: '15-11-2023 15:56:39'
}
{
  message: '✔Verificacion de conexion a db exitosa',
  level: 'info',
  timestamp: '15-11-2023 15:56:42'
}
{
  message: 'GET /project/add 500 3.363 ms - 3465\n',
  level: 'info',
  timestamp: '15-11-2023 15:56:42'
}
{
  message: '✔Verificacion de conexion a db exitosa',
  level: 'info',
  timestamp: '15-11-2023 15:57:22'
}
{
  message: 'GET /project/add 500 1.825 ms - 3465\n',
  level: 'info',
  timestamp: '15-11-2023 15:57:22'
}
{
  message: 'The server is created from the express instance',
  level: 'info',
  timestamp: '15-11-2023 16:08:06'
}
{
  message: '⭐⭐ Listening on http://localhost:5000 ⭐⭐',
  level: 'info',
  timestamp: '15-11-2023 16:08:06'
}
{
  message: '✅ Conectando a MongoDB',
  level: 'info',
  timestamp: '15-11-2023 16:08:07'
}
{
  message: '✔Verificacion de conexion a db exitosa',
  level: 'info',
  timestamp: '15-11-2023 16:18:05'
}
{
  message: '404 Pagina no encontrada GET /main.628bbac824146b57e87e.hot-update.json',
  level: 'info',
  timestamp: '15-11-2023 16:18:05'
}
{
  message: 'GET /main.628bbac824146b57e87e.hot-update.json 404 4.748 ms - 2092\n',
  level: 'info',
  timestamp: '15-11-2023 16:18:05'
}
{
  message: '✔Verificacion de conexion a db exitosa',
  level: 'info',
  timestamp: '15-11-2023 16:18:05'
}
{
  message: 'GET /about 304 43.192 ms - -\n',
  level: 'info',
  timestamp: '15-11-2023 16:18:05'
}
{
  message: '✔Verificacion de conexion a db exitosa',
  level: 'info',
  timestamp: '15-11-2023 16:18:06'
}
{
  message: 'GET /favicon.png 304 0.946 ms - -\n',
  level: 'info',
  timestamp: '15-11-2023 16:18:06'
}
{
  message: '✔Verificacion de conexion a db exitosa',
  level: 'info',
  timestamp: '15-11-2023 16:18:18'
}
{
  message: 'GET /about 304 4.660 ms - -\n',
  level: 'info',
  timestamp: '15-11-2023 16:18:18'
}
{
  message: '✔Verificacion de conexion a db exitosa',
  level: 'info',
  timestamp: '15-11-2023 16:18:19'
}
{
  message: 'GET /favicon.png 304 0.658 ms - -\n',
  level: 'info',
  timestamp: '15-11-2023 16:18:19'
}
{
  message: '✔Verificacion de conexion a db exitosa',
  level: 'info',
  timestamp: '15-11-2023 16:18:35'
}
{
  message: 'GET /project/add 200 0.718 ms - 45\n',
  level: 'info',
  timestamp: '15-11-2023 16:18:35'
}
{
  message: '✔Verificacion de conexion a db exitosa',
  level: 'info',
  timestamp: '15-11-2023 16:18:39'
}
{
  message: 'GET /about 304 5.820 ms - -\n',
  level: 'info',
  timestamp: '15-11-2023 16:18:39'
}
{
  message: '✔Verificacion de conexion a db exitosa',
  level: 'info',
  timestamp: '15-11-2023 16:18:40'
}
{
  message: 'GET / 200 4.972 ms - 5208\n',
  level: 'info',
  timestamp: '15-11-2023 16:18:40'
}
{
  message: '✔Verificacion de conexion a db exitosa',
  level: 'info',
  timestamp: '15-11-2023 16:18:42'
}
{
  message: 'GET /about 304 4.963 ms - -\n',
  level: 'info',
  timestamp: '15-11-2023 16:18:42'
}
{
  message: '✔Verificacion de conexion a db exitosa',
  level: 'info',
  timestamp: '15-11-2023 16:18:44'
}
{
  message: 'GET / 304 5.377 ms - -\n',
  level: 'info',
  timestamp: '15-11-2023 16:18:44'
}
{
  message: '✔Verificacion de conexion a db exitosa',
  level: 'info',
  timestamp: '15-11-2023 16:18:47'
}
{
  message: 'GET /project/add 304 0.860 ms - -\n',
  level: 'info',
  timestamp: '15-11-2023 16:18:47'
}
{
  message: 'The server is created from the express instance',
  level: 'info',
  timestamp: '17-11-2023 06:48:25'
}
{
  message: '⭐⭐ Listening on http://localhost:5000 ⭐⭐',
  level: 'info',
  timestamp: '17-11-2023 06:48:25'
}
{
  message: '✅ Conectando a MongoDB',
  level: 'info',
  timestamp: '17-11-2023 06:48:25'
}
{
  message: '✔Verificacion de conexion a db exitosa',
  level: 'info',
  timestamp: '17-11-2023 06:48:34'
}
{
  message: 'GET / 200 34.124 ms - 5208\n',
  level: 'info',
  timestamp: '17-11-2023 06:48:34'
}
{
  message: '✔Verificacion de conexion a db exitosa',
  level: 'info',
  timestamp: '17-11-2023 06:48:36'
}
{
  message: 'GET /favicon.png 200 1.762 ms - 1747\n',
  level: 'info',
  timestamp: '17-11-2023 06:48:36'
}
{
  message: '✔Verificacion de conexion a db exitosa',
  level: 'info',
  timestamp: '17-11-2023 06:48:38'
}
{
  message: 'GET /project/add 200 4.449 ms - 5105\n',
  level: 'info',
  timestamp: '17-11-2023 06:48:38'
}
{
  message: '✔Verificacion de conexion a db exitosa',
  level: 'info',
  timestamp: '17-11-2023 06:48:38'
}
{
  message: '404 Pagina no encontrada GET /imges/addproject.png',
  level: 'info',
  timestamp: '17-11-2023 06:48:38'
}
{
  message: 'GET /imges/addproject.png 404 6.049 ms - 2092\n',
  level: 'info',
  timestamp: '17-11-2023 06:48:38'
}
{
  message: '✔Verificacion de conexion a db exitosa',
  level: 'info',
  timestamp: '17-11-2023 06:51:35'
}
{
  message: 'GET /project/add 200 7.292 ms - 5106\n',
  level: 'info',
  timestamp: '17-11-2023 06:51:35'
}
{
  message: '✔Verificacion de conexion a db exitosa',
  level: 'info',
  timestamp: '17-11-2023 06:51:35'
}
{
  message: 'GET /images/addproject.png 200 1.032 ms - 250615\n',
  level: 'info',
  timestamp: '17-11-2023 06:51:35'
}
{
  message: '✔Verificacion de conexion a db exitosa',
  level: 'info',
  timestamp: '17-11-2023 06:51:36'
}
{
  message: 'GET /favicon.png 304 1.017 ms - -\n',
  level: 'info',
  timestamp: '17-11-2023 06:51:36'
}
{
  message: '✔Verificacion de conexion a db exitosa',
  level: 'info',
  timestamp: '17-11-2023 06:55:11'
}
{
  message: 'GET /project/add 200 5.636 ms - 5975\n',
  level: 'info',
  timestamp: '17-11-2023 06:55:11'
}
{
  message: '✔Verificacion de conexion a db exitosa',
  level: 'info',
  timestamp: '17-11-2023 06:55:11'
}
{
  message: 'GET /images/addproject.png 304 0.894 ms - -\n',
  level: 'info',
  timestamp: '17-11-2023 06:55:11'
}
{
  message: '✔Verificacion de conexion a db exitosa',
  level: 'info',
  timestamp: '17-11-2023 06:55:12'
}
{
  message: 'GET /favicon.png 304 0.558 ms - -\n',
  level: 'info',
  timestamp: '17-11-2023 06:55:12'
}
